---------------------------------------------------------------
[ 2018-10-20T16:12:49+08:00 ] 127.0.0.1 GET /index/download/download.html
[ info ] www.pt5.com/index/download/download.html [运行时间：0.086790s][吞吐率：11.52req/s] [内存消耗：2,294.63kb] [文件加载：54]
[ info ] [ LANG ] D:\myphp_www\PHPTutorial\WWW\pt5\thinkphp\lang\zh-cn.php
[ info ] [ ROUTE ] array (
  'type' => 'module',
  'module' => 
  array (
    0 => 'index',
    1 => 'download',
    2 => 'download',
  ),
)
[ info ] [ HEADER ] array (
  'host' => 'www.pt5.com',
  'connection' => 'keep-alive',
  'pragma' => 'no-cache',
  'cache-control' => 'no-cache',
  'upgrade-insecure-requests' => '1',
  'user-agent' => 'Mozilla/5.0 (Windows NT 10.0; Win64; x64) AppleWebKit/537.36 (KHTML, like Gecko) Chrome/68.0.3440.106 Safari/537.36',
  'accept' => 'text/html,application/xhtml+xml,application/xml;q=0.9,image/webp,image/apng,*/*;q=0.8',
  'referer' => 'http://www.pt5.com/index/task/task.html',
  'accept-encoding' => 'gzip, deflate',
  'accept-language' => 'zh-CN,zh;q=0.9,en;q=0.8',
  'cookie' => 'thinkphp_show_page_trace=0|0; PHPSESSID=7mqema675jn3sa8cfh94jmhb83; thinkphp_show_page_trace=0|0',
)
[ info ] [ PARAM ] array (
)
[ info ] [ SESSION ] INIT array (
  'id' => '',
  'var_session_id' => '',
  'prefix' => 'think',
  'type' => '',
  'auto_start' => true,
)
[ info ] [ RUN ] app\index\controller\Download->download[ D:\myphp_www\PHPTutorial\WWW\pt5\application\index\controller\Download.php ]
[ info ] [ DB ] INIT mysql
[ info ] [ VIEW ] D:\myphp_www\PHPTutorial\WWW\pt5\public/../application/index\view\download\download.html [ array (
  0 => 'logmin',
  1 => 'logmax',
  2 => 'keywords',
  3 => 'selected',
  4 => 'arrylist',
  5 => 'PreLabels',
  6 => 'lbl_list',
) ]
[ info ] [ LOG ] INIT File
[ sql ] [ DB ] CONNECT:[ UseTime:0.002924s ] mysql:host=127.0.0.1;dbname=tp5;charset=utf8
[ sql ] [ SQL ] select id, filename, filetype, author, source, category, cate_dtl, description, uploadtime
								 from download
								where enable = 1 [ RunTime:0.000521s ]
[ sql ] [ SQL ] select id, name from label order by hot desc [ RunTime:0.000449s ]
---------------------------------------------------------------
[ 2018-10-20T16:12:52+08:00 ] 127.0.0.1 GET /index/download/download.html
[ info ] www.pt5.com/index/download/download.html [运行时间：0.079116s][吞吐率：12.64req/s] [内存消耗：2,089.94kb] [文件加载：52]
[ info ] [ LANG ] D:\myphp_www\PHPTutorial\WWW\pt5\thinkphp\lang\zh-cn.php
[ info ] [ ROUTE ] array (
  'type' => 'module',
  'module' => 
  array (
    0 => 'index',
    1 => 'download',
    2 => 'download',
  ),
)
[ info ] [ HEADER ] array (
  'host' => 'www.pt5.com',
  'connection' => 'keep-alive',
  'cache-control' => 'max-age=0',
  'upgrade-insecure-requests' => '1',
  'user-agent' => 'Mozilla/5.0 (Windows NT 10.0; Win64; x64) AppleWebKit/537.36 (KHTML, like Gecko) Chrome/68.0.3440.106 Safari/537.36',
  'accept' => 'text/html,application/xhtml+xml,application/xml;q=0.9,image/webp,image/apng,*/*;q=0.8',
  'referer' => 'http://www.pt5.com/index/task/task.html',
  'accept-encoding' => 'gzip, deflate',
  'accept-language' => 'zh-CN,zh;q=0.9,en;q=0.8',
  'cookie' => 'thinkphp_show_page_trace=0|0; PHPSESSID=7mqema675jn3sa8cfh94jmhb83; thinkphp_show_page_trace=0|0',
)
[ info ] [ PARAM ] array (
)
[ info ] [ SESSION ] INIT array (
  'id' => '',
  'var_session_id' => '',
  'prefix' => 'think',
  'type' => '',
  'auto_start' => true,
)
[ info ] [ RUN ] app\index\controller\Download->download[ D:\myphp_www\PHPTutorial\WWW\pt5\application\index\controller\Download.php ]
[ info ] [ DB ] INIT mysql
[ info ] [ VIEW ] D:\myphp_www\PHPTutorial\WWW\pt5\public/../application/index\view\download\download.html [ array (
  0 => 'logmin',
  1 => 'logmax',
  2 => 'keywords',
  3 => 'selected',
  4 => 'arrylist',
  5 => 'PreLabels',
  6 => 'lbl_list',
) ]
[ info ] [ LOG ] INIT File
[ sql ] [ DB ] CONNECT:[ UseTime:0.004136s ] mysql:host=127.0.0.1;dbname=tp5;charset=utf8
[ sql ] [ SQL ] select id, filename, filetype, author, source, category, cate_dtl, description, uploadtime
								 from download
								where enable = 1 [ RunTime:0.000853s ]
[ sql ] [ SQL ] select id, name from label order by hot desc [ RunTime:0.000367s ]
---------------------------------------------------------------
[ 2018-10-20T16:12:55+08:00 ] 127.0.0.1 POST /index/download/ajaxSearchresbylabels
[ info ] www.pt5.com/index/download/ajaxSearchresbylabels [运行时间：0.046483s][吞吐率：21.51req/s] [内存消耗：1,910.52kb] [文件加载：49]
[ info ] [ LANG ] D:\myphp_www\PHPTutorial\WWW\pt5\thinkphp\lang\zh-cn.php
[ info ] [ ROUTE ] array (
  'type' => 'module',
  'module' => 
  array (
    0 => 'index',
    1 => 'download',
    2 => 'ajaxSearchresbylabels',
  ),
)
[ info ] [ HEADER ] array (
  'host' => 'www.pt5.com',
  'connection' => 'keep-alive',
  'content-length' => '73',
  'accept' => 'application/json, text/javascript, */*; q=0.01',
  'origin' => 'http://www.pt5.com',
  'x-requested-with' => 'XMLHttpRequest',
  'user-agent' => 'Mozilla/5.0 (Windows NT 10.0; Win64; x64) AppleWebKit/537.36 (KHTML, like Gecko) Chrome/68.0.3440.106 Safari/537.36',
  'content-type' => 'application/x-www-form-urlencoded; charset=UTF-8',
  'referer' => 'http://www.pt5.com/index/download/download.html',
  'accept-encoding' => 'gzip, deflate',
  'accept-language' => 'zh-CN,zh;q=0.9,en;q=0.8',
  'cookie' => 'thinkphp_show_page_trace=0|0; PHPSESSID=7mqema675jn3sa8cfh94jmhb83; thinkphp_show_page_trace=0|0',
)
[ info ] [ PARAM ] array (
  'logmin' => '1900-01-01',
  'logmax' => '2018-10-20',
  'selected' => '%',
  'keywords' => '',
  'provSelect' => '%',
)
[ info ] [ SESSION ] INIT array (
  'id' => '',
  'var_session_id' => '',
  'prefix' => 'think',
  'type' => '',
  'auto_start' => true,
)
[ info ] [ RUN ] app\index\controller\Download->ajaxSearchResByLabels[ D:\myphp_www\PHPTutorial\WWW\pt5\application\index\controller\Download.php ]
[ info ] [ DB ] INIT mysql
[ info ] [ LOG ] INIT File
[ sql ] [ DB ] CONNECT:[ UseTime:0.002321s ] mysql:host=127.0.0.1;dbname=tp5;charset=utf8
[ sql ] [ SQL ] select id, filename, filetype, author, source, category, cate_dtl, description, uploadtime from download
				  where uploadtime >= '1900-01-01'
				    and uploadtime <= '2018-10-20'
				    and enable = 1 and (filename like '%%'
					 or source like '%%'
					 or author like '%%'
					 or uploader like '%%') [ RunTime:0.000619s ]
[ sql ] [ SQL ] select id, name from label order by hot desc [ RunTime:0.000327s ]
---------------------------------------------------------------
[ 2018-10-20T16:12:58+08:00 ] 127.0.0.1 POST /index/download/ajaxSearchresbylabels
[ info ] www.pt5.com/index/download/ajaxSearchresbylabels [运行时间：0.053890s][吞吐率：18.56req/s] [内存消耗：1,909.91kb] [文件加载：49]
[ info ] [ LANG ] D:\myphp_www\PHPTutorial\WWW\pt5\thinkphp\lang\zh-cn.php
[ info ] [ ROUTE ] array (
  'type' => 'module',
  'module' => 
  array (
    0 => 'index',
    1 => 'download',
    2 => 'ajaxSearchresbylabels',
  ),
)
[ info ] [ HEADER ] array (
  'host' => 'www.pt5.com',
  'connection' => 'keep-alive',
  'content-length' => '88',
  'accept' => 'application/json, text/javascript, */*; q=0.01',
  'origin' => 'http://www.pt5.com',
  'x-requested-with' => 'XMLHttpRequest',
  'user-agent' => 'Mozilla/5.0 (Windows NT 10.0; Win64; x64) AppleWebKit/537.36 (KHTML, like Gecko) Chrome/68.0.3440.106 Safari/537.36',
  'content-type' => 'application/x-www-form-urlencoded; charset=UTF-8',
  'referer' => 'http://www.pt5.com/index/download/download.html',
  'accept-encoding' => 'gzip, deflate',
  'accept-language' => 'zh-CN,zh;q=0.9,en;q=0.8',
  'cookie' => 'thinkphp_show_page_trace=0|0; PHPSESSID=7mqema675jn3sa8cfh94jmhb83; thinkphp_show_page_trace=0|0',
)
[ info ] [ PARAM ] array (
  'logmin' => '1900-01-01',
  'logmax' => '2018-10-20',
  'selected' => '%',
  'keywords' => '',
  'labels' => 
  array (
    0 => '3',
  ),
  'provSelect' => '%',
)
[ info ] [ SESSION ] INIT array (
  'id' => '',
  'var_session_id' => '',
  'prefix' => 'think',
  'type' => '',
  'auto_start' => true,
)
[ info ] [ RUN ] app\index\controller\Download->ajaxSearchResByLabels[ D:\myphp_www\PHPTutorial\WWW\pt5\application\index\controller\Download.php ]
[ info ] [ DB ] INIT mysql
[ info ] [ LOG ] INIT File
[ sql ] [ DB ] CONNECT:[ UseTime:0.002425s ] mysql:host=127.0.0.1;dbname=tp5;charset=utf8
[ sql ] [ SQL ] select id, name from label where id in (3) [ RunTime:0.000322s ]
[ sql ] [ SQL ] select res_id from res_label where label_id = 3 [ RunTime:0.000243s ]
[ sql ] [ SQL ] select id, filename, filetype, author, source, category, cate_dtl, description, uploadtime from download
				  where uploadtime >= '1900-01-01'
				    and uploadtime <= '2018-10-20'
				    and enable = 1 and (filename like '%%'
					 or source like '%%'
					 or author like '%%'
					 or uploader like '%%') and id in (133,134) [ RunTime:0.000393s ]
[ sql ] [ SQL ] select id, name from label order by hot desc [ RunTime:0.000267s ]
---------------------------------------------------------------
[ 2018-10-20T16:13:32+08:00 ] 127.0.0.1 GET /index/download/download.html
[ info ] www.pt5.com/index/download/download.html [运行时间：0.070234s][吞吐率：14.24req/s] [内存消耗：2,294.59kb] [文件加载：54]
[ info ] [ LANG ] D:\myphp_www\PHPTutorial\WWW\pt5\thinkphp\lang\zh-cn.php
[ info ] [ ROUTE ] array (
  'type' => 'module',
  'module' => 
  array (
    0 => 'index',
    1 => 'download',
    2 => 'download',
  ),
)
[ info ] [ HEADER ] array (
  'host' => 'www.pt5.com',
  'connection' => 'keep-alive',
  'pragma' => 'no-cache',
  'cache-control' => 'no-cache',
  'upgrade-insecure-requests' => '1',
  'user-agent' => 'Mozilla/5.0 (Windows NT 10.0; Win64; x64) AppleWebKit/537.36 (KHTML, like Gecko) Chrome/68.0.3440.106 Safari/537.36',
  'accept' => 'text/html,application/xhtml+xml,application/xml;q=0.9,image/webp,image/apng,*/*;q=0.8',
  'referer' => 'http://www.pt5.com/index/task/task.html',
  'accept-encoding' => 'gzip, deflate',
  'accept-language' => 'zh-CN,zh;q=0.9,en;q=0.8',
  'cookie' => 'thinkphp_show_page_trace=0|0; PHPSESSID=7mqema675jn3sa8cfh94jmhb83; thinkphp_show_page_trace=0|0',
)
[ info ] [ PARAM ] array (
)
[ info ] [ SESSION ] INIT array (
  'id' => '',
  'var_session_id' => '',
  'prefix' => 'think',
  'type' => '',
  'auto_start' => true,
)
[ info ] [ RUN ] app\index\controller\Download->download[ D:\myphp_www\PHPTutorial\WWW\pt5\application\index\controller\Download.php ]
[ info ] [ DB ] INIT mysql
[ info ] [ VIEW ] D:\myphp_www\PHPTutorial\WWW\pt5\public/../application/index\view\download\download.html [ array (
  0 => 'logmin',
  1 => 'logmax',
  2 => 'keywords',
  3 => 'selected',
  4 => 'arrylist',
  5 => 'PreLabels',
  6 => 'lbl_list',
) ]
[ info ] [ LOG ] INIT File
[ sql ] [ DB ] CONNECT:[ UseTime:0.003020s ] mysql:host=127.0.0.1;dbname=tp5;charset=utf8
[ sql ] [ SQL ] select id, filename, filetype, author, source, category, cate_dtl, description, uploadtime
								 from download
								where enable = 1 [ RunTime:0.000538s ]
[ sql ] [ SQL ] select id, name from label order by hot desc [ RunTime:0.000295s ]
---------------------------------------------------------------
[ 2018-10-20T16:13:33+08:00 ] 127.0.0.1 GET /index/download/download.html
[ info ] www.pt5.com/index/download/download.html [运行时间：0.092733s][吞吐率：10.78req/s] [内存消耗：2,090.09kb] [文件加载：52]
[ info ] [ LANG ] D:\myphp_www\PHPTutorial\WWW\pt5\thinkphp\lang\zh-cn.php
[ info ] [ ROUTE ] array (
  'type' => 'module',
  'module' => 
  array (
    0 => 'index',
    1 => 'download',
    2 => 'download',
  ),
)
[ info ] [ HEADER ] array (
  'host' => 'www.pt5.com',
  'connection' => 'keep-alive',
  'pragma' => 'no-cache',
  'cache-control' => 'no-cache',
  'upgrade-insecure-requests' => '1',
  'user-agent' => 'Mozilla/5.0 (Windows NT 10.0; Win64; x64) AppleWebKit/537.36 (KHTML, like Gecko) Chrome/68.0.3440.106 Safari/537.36',
  'accept' => 'text/html,application/xhtml+xml,application/xml;q=0.9,image/webp,image/apng,*/*;q=0.8',
  'referer' => 'http://www.pt5.com/index/task/task.html',
  'accept-encoding' => 'gzip, deflate',
  'accept-language' => 'zh-CN,zh;q=0.9,en;q=0.8',
  'cookie' => 'thinkphp_show_page_trace=0|0; PHPSESSID=7mqema675jn3sa8cfh94jmhb83; thinkphp_show_page_trace=0|0',
)
[ info ] [ PARAM ] array (
)
[ info ] [ SESSION ] INIT array (
  'id' => '',
  'var_session_id' => '',
  'prefix' => 'think',
  'type' => '',
  'auto_start' => true,
)
[ info ] [ RUN ] app\index\controller\Download->download[ D:\myphp_www\PHPTutorial\WWW\pt5\application\index\controller\Download.php ]
[ info ] [ DB ] INIT mysql
[ info ] [ VIEW ] D:\myphp_www\PHPTutorial\WWW\pt5\public/../application/index\view\download\download.html [ array (
  0 => 'logmin',
  1 => 'logmax',
  2 => 'keywords',
  3 => 'selected',
  4 => 'arrylist',
  5 => 'PreLabels',
  6 => 'lbl_list',
) ]
[ info ] [ LOG ] INIT File
[ sql ] [ DB ] CONNECT:[ UseTime:0.003271s ] mysql:host=127.0.0.1;dbname=tp5;charset=utf8
[ sql ] [ SQL ] select id, filename, filetype, author, source, category, cate_dtl, description, uploadtime
								 from download
								where enable = 1 [ RunTime:0.000512s ]
[ sql ] [ SQL ] select id, name from label order by hot desc [ RunTime:0.000349s ]
---------------------------------------------------------------
[ 2018-10-20T16:13:37+08:00 ] 127.0.0.1 POST /index/download/ajaxSearchresbylabels
[ info ] www.pt5.com/index/download/ajaxSearchresbylabels [运行时间：0.047376s][吞吐率：21.11req/s] [内存消耗：1,909.50kb] [文件加载：49]
[ info ] [ LANG ] D:\myphp_www\PHPTutorial\WWW\pt5\thinkphp\lang\zh-cn.php
[ info ] [ ROUTE ] array (
  'type' => 'module',
  'module' => 
  array (
    0 => 'index',
    1 => 'download',
    2 => 'ajaxSearchresbylabels',
  ),
)
[ info ] [ HEADER ] array (
  'host' => 'www.pt5.com',
  'connection' => 'keep-alive',
  'content-length' => '103',
  'pragma' => 'no-cache',
  'cache-control' => 'no-cache',
  'accept' => 'application/json, text/javascript, */*; q=0.01',
  'origin' => 'http://www.pt5.com',
  'x-requested-with' => 'XMLHttpRequest',
  'user-agent' => 'Mozilla/5.0 (Windows NT 10.0; Win64; x64) AppleWebKit/537.36 (KHTML, like Gecko) Chrome/68.0.3440.106 Safari/537.36',
  'content-type' => 'application/x-www-form-urlencoded; charset=UTF-8',
  'referer' => 'http://www.pt5.com/index/download/download.html',
  'accept-encoding' => 'gzip, deflate',
  'accept-language' => 'zh-CN,zh;q=0.9,en;q=0.8',
  'cookie' => 'thinkphp_show_page_trace=0|0; PHPSESSID=7mqema675jn3sa8cfh94jmhb83; thinkphp_show_page_trace=0|0',
)
[ info ] [ PARAM ] array (
  'logmin' => '1900-01-01',
  'logmax' => '2018-10-20',
  'selected' => '%',
  'keywords' => '',
  'labels' => 
  array (
    0 => '1',
    1 => '3',
  ),
  'provSelect' => '%',
)
[ info ] [ SESSION ] INIT array (
  'id' => '',
  'var_session_id' => '',
  'prefix' => 'think',
  'type' => '',
  'auto_start' => true,
)
[ info ] [ RUN ] app\index\controller\Download->ajaxSearchResByLabels[ D:\myphp_www\PHPTutorial\WWW\pt5\application\index\controller\Download.php ]
[ info ] [ DB ] INIT mysql
[ info ] [ LOG ] INIT File
[ sql ] [ DB ] CONNECT:[ UseTime:0.002699s ] mysql:host=127.0.0.1;dbname=tp5;charset=utf8
[ sql ] [ SQL ] select id, name from label where id in (1,3) [ RunTime:0.000427s ]
[ sql ] [ SQL ] select res_id from res_label where label_id = 1 [ RunTime:0.000329s ]
[ sql ] [ SQL ] select res_id from res_label where label_id = 3 [ RunTime:0.000309s ]
[ sql ] [ SQL ] select id, name from label order by hot desc [ RunTime:0.000368s ]
---------------------------------------------------------------
[ 2018-10-20T16:13:41+08:00 ] 127.0.0.1 POST /index/download/ajaxSearchresbylabels
[ info ] www.pt5.com/index/download/ajaxSearchresbylabels [运行时间：0.061445s][吞吐率：16.27req/s] [内存消耗：1,910.23kb] [文件加载：49]
[ info ] [ LANG ] D:\myphp_www\PHPTutorial\WWW\pt5\thinkphp\lang\zh-cn.php
[ info ] [ ROUTE ] array (
  'type' => 'module',
  'module' => 
  array (
    0 => 'index',
    1 => 'download',
    2 => 'ajaxSearchresbylabels',
  ),
)
[ info ] [ HEADER ] array (
  'host' => 'www.pt5.com',
  'connection' => 'keep-alive',
  'content-length' => '88',
  'pragma' => 'no-cache',
  'cache-control' => 'no-cache',
  'accept' => 'application/json, text/javascript, */*; q=0.01',
  'origin' => 'http://www.pt5.com',
  'x-requested-with' => 'XMLHttpRequest',
  'user-agent' => 'Mozilla/5.0 (Windows NT 10.0; Win64; x64) AppleWebKit/537.36 (KHTML, like Gecko) Chrome/68.0.3440.106 Safari/537.36',
  'content-type' => 'application/x-www-form-urlencoded; charset=UTF-8',
  'referer' => 'http://www.pt5.com/index/download/download.html',
  'accept-encoding' => 'gzip, deflate',
  'accept-language' => 'zh-CN,zh;q=0.9,en;q=0.8',
  'cookie' => 'thinkphp_show_page_trace=0|0; PHPSESSID=7mqema675jn3sa8cfh94jmhb83; thinkphp_show_page_trace=0|0',
)
[ info ] [ PARAM ] array (
  'logmin' => '1900-01-01',
  'logmax' => '2018-10-20',
  'selected' => '%',
  'keywords' => '',
  'labels' => 
  array (
    0 => '1',
  ),
  'provSelect' => '%',
)
[ info ] [ SESSION ] INIT array (
  'id' => '',
  'var_session_id' => '',
  'prefix' => 'think',
  'type' => '',
  'auto_start' => true,
)
[ info ] [ RUN ] app\index\controller\Download->ajaxSearchResByLabels[ D:\myphp_www\PHPTutorial\WWW\pt5\application\index\controller\Download.php ]
[ info ] [ DB ] INIT mysql
[ info ] [ LOG ] INIT File
[ sql ] [ DB ] CONNECT:[ UseTime:0.002789s ] mysql:host=127.0.0.1;dbname=tp5;charset=utf8
[ sql ] [ SQL ] select id, name from label where id in (1) [ RunTime:0.000394s ]
[ sql ] [ SQL ] select res_id from res_label where label_id = 1 [ RunTime:0.000335s ]
[ sql ] [ SQL ] select id, filename, filetype, author, source, category, cate_dtl, description, uploadtime from download
				  where uploadtime >= '1900-01-01'
				    and uploadtime <= '2018-10-20'
				    and enable = 1 and (filename like '%%'
					 or source like '%%'
					 or author like '%%'
					 or uploader like '%%') and id in (132) [ RunTime:0.000594s ]
[ sql ] [ SQL ] select id, name from label order by hot desc [ RunTime:0.000375s ]
---------------------------------------------------------------
[ 2018-10-20T16:13:49+08:00 ] 127.0.0.1 POST /index/download/ajaxSearchresbylabels
[ info ] www.pt5.com/index/download/ajaxSearchresbylabels [运行时间：0.066521s][吞吐率：15.03req/s] [内存消耗：1,910.30kb] [文件加载：49]
[ info ] [ LANG ] D:\myphp_www\PHPTutorial\WWW\pt5\thinkphp\lang\zh-cn.php
[ info ] [ ROUTE ] array (
  'type' => 'module',
  'module' => 
  array (
    0 => 'index',
    1 => 'download',
    2 => 'ajaxSearchresbylabels',
  ),
)
[ info ] [ HEADER ] array (
  'host' => 'www.pt5.com',
  'connection' => 'keep-alive',
  'content-length' => '88',
  'pragma' => 'no-cache',
  'cache-control' => 'no-cache',
  'accept' => 'application/json, text/javascript, */*; q=0.01',
  'origin' => 'http://www.pt5.com',
  'x-requested-with' => 'XMLHttpRequest',
  'user-agent' => 'Mozilla/5.0 (Windows NT 10.0; Win64; x64) AppleWebKit/537.36 (KHTML, like Gecko) Chrome/68.0.3440.106 Safari/537.36',
  'content-type' => 'application/x-www-form-urlencoded; charset=UTF-8',
  'referer' => 'http://www.pt5.com/index/download/download.html',
  'accept-encoding' => 'gzip, deflate',
  'accept-language' => 'zh-CN,zh;q=0.9,en;q=0.8',
  'cookie' => 'thinkphp_show_page_trace=0|0; PHPSESSID=7mqema675jn3sa8cfh94jmhb83; thinkphp_show_page_trace=0|0',
)
[ info ] [ PARAM ] array (
  'logmin' => '1900-01-01',
  'logmax' => '2018-10-20',
  'selected' => '%',
  'keywords' => '',
  'labels' => 
  array (
    0 => '3',
  ),
  'provSelect' => '%',
)
[ info ] [ SESSION ] INIT array (
  'id' => '',
  'var_session_id' => '',
  'prefix' => 'think',
  'type' => '',
  'auto_start' => true,
)
[ info ] [ RUN ] app\index\controller\Download->ajaxSearchResByLabels[ D:\myphp_www\PHPTutorial\WWW\pt5\application\index\controller\Download.php ]
[ info ] [ DB ] INIT mysql
[ info ] [ LOG ] INIT File
[ sql ] [ DB ] CONNECT:[ UseTime:0.005996s ] mysql:host=127.0.0.1;dbname=tp5;charset=utf8
[ sql ] [ SQL ] select id, name from label where id in (3) [ RunTime:0.000482s ]
[ sql ] [ SQL ] select res_id from res_label where label_id = 3 [ RunTime:0.000301s ]
[ sql ] [ SQL ] select id, filename, filetype, author, source, category, cate_dtl, description, uploadtime from download
				  where uploadtime >= '1900-01-01'
				    and uploadtime <= '2018-10-20'
				    and enable = 1 and (filename like '%%'
					 or source like '%%'
					 or author like '%%'
					 or uploader like '%%') and id in (133,134) [ RunTime:0.000452s ]
[ sql ] [ SQL ] select id, name from label order by hot desc [ RunTime:0.000420s ]
---------------------------------------------------------------
[ 2018-10-20T16:15:26+08:00 ] 127.0.0.1 GET /index/download/download.html
[ info ] www.pt5.com/index/download/download.html [运行时间：0.076890s][吞吐率：13.01req/s] [内存消耗：2,090.09kb] [文件加载：52]
[ info ] [ LANG ] D:\myphp_www\PHPTutorial\WWW\pt5\thinkphp\lang\zh-cn.php
[ info ] [ ROUTE ] array (
  'type' => 'module',
  'module' => 
  array (
    0 => 'index',
    1 => 'download',
    2 => 'download',
  ),
)
[ info ] [ HEADER ] array (
  'host' => 'www.pt5.com',
  'connection' => 'keep-alive',
  'pragma' => 'no-cache',
  'cache-control' => 'no-cache',
  'upgrade-insecure-requests' => '1',
  'user-agent' => 'Mozilla/5.0 (Windows NT 10.0; Win64; x64) AppleWebKit/537.36 (KHTML, like Gecko) Chrome/68.0.3440.106 Safari/537.36',
  'accept' => 'text/html,application/xhtml+xml,application/xml;q=0.9,image/webp,image/apng,*/*;q=0.8',
  'referer' => 'http://www.pt5.com/index/task/task.html',
  'accept-encoding' => 'gzip, deflate',
  'accept-language' => 'zh-CN,zh;q=0.9,en;q=0.8',
  'cookie' => 'thinkphp_show_page_trace=0|0; PHPSESSID=7mqema675jn3sa8cfh94jmhb83; thinkphp_show_page_trace=0|0',
)
[ info ] [ PARAM ] array (
)
[ info ] [ SESSION ] INIT array (
  'id' => '',
  'var_session_id' => '',
  'prefix' => 'think',
  'type' => '',
  'auto_start' => true,
)
[ info ] [ RUN ] app\index\controller\Download->download[ D:\myphp_www\PHPTutorial\WWW\pt5\application\index\controller\Download.php ]
[ info ] [ DB ] INIT mysql
[ info ] [ VIEW ] D:\myphp_www\PHPTutorial\WWW\pt5\public/../application/index\view\download\download.html [ array (
  0 => 'logmin',
  1 => 'logmax',
  2 => 'keywords',
  3 => 'selected',
  4 => 'arrylist',
  5 => 'PreLabels',
  6 => 'lbl_list',
) ]
[ info ] [ LOG ] INIT File
[ sql ] [ DB ] CONNECT:[ UseTime:0.002472s ] mysql:host=127.0.0.1;dbname=tp5;charset=utf8
[ sql ] [ SQL ] select id, filename, filetype, author, source, category, cate_dtl, description, uploadtime
								 from download
								where enable = 1 [ RunTime:0.000496s ]
[ sql ] [ SQL ] select id, name from label order by hot desc [ RunTime:0.000285s ]
---------------------------------------------------------------
[ 2018-10-20T16:15:51+08:00 ] 127.0.0.1 GET /index/download/download.html
[ info ] www.pt5.com/index/download/download.html [运行时间：0.077969s][吞吐率：12.83req/s] [内存消耗：2,294.55kb] [文件加载：54]
[ info ] [ LANG ] D:\myphp_www\PHPTutorial\WWW\pt5\thinkphp\lang\zh-cn.php
[ info ] [ ROUTE ] array (
  'type' => 'module',
  'module' => 
  array (
    0 => 'index',
    1 => 'download',
    2 => 'download',
  ),
)
[ info ] [ HEADER ] array (
  'host' => 'www.pt5.com',
  'connection' => 'keep-alive',
  'pragma' => 'no-cache',
  'cache-control' => 'no-cache',
  'upgrade-insecure-requests' => '1',
  'user-agent' => 'Mozilla/5.0 (Windows NT 10.0; Win64; x64) AppleWebKit/537.36 (KHTML, like Gecko) Chrome/68.0.3440.106 Safari/537.36',
  'accept' => 'text/html,application/xhtml+xml,application/xml;q=0.9,image/webp,image/apng,*/*;q=0.8',
  'referer' => 'http://www.pt5.com/index/task/task.html',
  'accept-encoding' => 'gzip, deflate',
  'accept-language' => 'zh-CN,zh;q=0.9,en;q=0.8',
  'cookie' => 'thinkphp_show_page_trace=0|0; PHPSESSID=7mqema675jn3sa8cfh94jmhb83; thinkphp_show_page_trace=0|0',
)
[ info ] [ PARAM ] array (
)
[ info ] [ SESSION ] INIT array (
  'id' => '',
  'var_session_id' => '',
  'prefix' => 'think',
  'type' => '',
  'auto_start' => true,
)
[ info ] [ RUN ] app\index\controller\Download->download[ D:\myphp_www\PHPTutorial\WWW\pt5\application\index\controller\Download.php ]
[ info ] [ DB ] INIT mysql
[ info ] [ VIEW ] D:\myphp_www\PHPTutorial\WWW\pt5\public/../application/index\view\download\download.html [ array (
  0 => 'logmin',
  1 => 'logmax',
  2 => 'keywords',
  3 => 'selected',
  4 => 'arrylist',
  5 => 'PreLabels',
  6 => 'lbl_list',
) ]
[ info ] [ LOG ] INIT File
[ sql ] [ DB ] CONNECT:[ UseTime:0.002254s ] mysql:host=127.0.0.1;dbname=tp5;charset=utf8
[ sql ] [ SQL ] select id, filename, filetype, author, source, category, cate_dtl, description, uploadtime
								 from download
								where enable = 1 [ RunTime:0.000553s ]
[ sql ] [ SQL ] select id, name from label order by hot desc [ RunTime:0.000312s ]
---------------------------------------------------------------
[ 2018-10-20T16:15:54+08:00 ] 127.0.0.1 POST /index/download/ajaxSearchresbylabels
[ info ] www.pt5.com/index/download/ajaxSearchresbylabels [运行时间：0.056576s][吞吐率：17.68req/s] [内存消耗：1,910.30kb] [文件加载：49]
[ info ] [ LANG ] D:\myphp_www\PHPTutorial\WWW\pt5\thinkphp\lang\zh-cn.php
[ info ] [ ROUTE ] array (
  'type' => 'module',
  'module' => 
  array (
    0 => 'index',
    1 => 'download',
    2 => 'ajaxSearchresbylabels',
  ),
)
[ info ] [ HEADER ] array (
  'host' => 'www.pt5.com',
  'connection' => 'keep-alive',
  'content-length' => '88',
  'pragma' => 'no-cache',
  'cache-control' => 'no-cache',
  'accept' => 'application/json, text/javascript, */*; q=0.01',
  'origin' => 'http://www.pt5.com',
  'x-requested-with' => 'XMLHttpRequest',
  'user-agent' => 'Mozilla/5.0 (Windows NT 10.0; Win64; x64) AppleWebKit/537.36 (KHTML, like Gecko) Chrome/68.0.3440.106 Safari/537.36',
  'content-type' => 'application/x-www-form-urlencoded; charset=UTF-8',
  'referer' => 'http://www.pt5.com/index/download/download.html',
  'accept-encoding' => 'gzip, deflate',
  'accept-language' => 'zh-CN,zh;q=0.9,en;q=0.8',
  'cookie' => 'thinkphp_show_page_trace=0|0; PHPSESSID=7mqema675jn3sa8cfh94jmhb83; thinkphp_show_page_trace=0|0',
)
[ info ] [ PARAM ] array (
  'logmin' => '1900-01-01',
  'logmax' => '2018-10-20',
  'selected' => '%',
  'keywords' => '',
  'labels' => 
  array (
    0 => '3',
  ),
  'provSelect' => '%',
)
[ info ] [ SESSION ] INIT array (
  'id' => '',
  'var_session_id' => '',
  'prefix' => 'think',
  'type' => '',
  'auto_start' => true,
)
[ info ] [ RUN ] app\index\controller\Download->ajaxSearchResByLabels[ D:\myphp_www\PHPTutorial\WWW\pt5\application\index\controller\Download.php ]
[ info ] [ DB ] INIT mysql
[ info ] [ LOG ] INIT File
[ sql ] [ DB ] CONNECT:[ UseTime:0.002422s ] mysql:host=127.0.0.1;dbname=tp5;charset=utf8
[ sql ] [ SQL ] select id, name from label where id in (3) [ RunTime:0.000536s ]
[ sql ] [ SQL ] select res_id from res_label where label_id = 3 [ RunTime:0.000360s ]
[ sql ] [ SQL ] select id, filename, filetype, author, source, category, cate_dtl, description, uploadtime from download
				  where uploadtime >= '1900-01-01'
				    and uploadtime <= '2018-10-20'
				    and enable = 1 and (filename like '%%'
					 or source like '%%'
					 or author like '%%'
					 or uploader like '%%') and id in (133,134) [ RunTime:0.000531s ]
[ sql ] [ SQL ] select id, name from label order by hot desc [ RunTime:0.000478s ]
---------------------------------------------------------------
[ 2018-10-20T16:16:53+08:00 ] 127.0.0.1 GET /index/download/download.html
[ info ] www.pt5.com/index/download/download.html [运行时间：0.082821s][吞吐率：12.07req/s] [内存消耗：2,294.53kb] [文件加载：54]
[ info ] [ LANG ] D:\myphp_www\PHPTutorial\WWW\pt5\thinkphp\lang\zh-cn.php
[ info ] [ ROUTE ] array (
  'type' => 'module',
  'module' => 
  array (
    0 => 'index',
    1 => 'download',
    2 => 'download',
  ),
)
[ info ] [ HEADER ] array (
  'host' => 'www.pt5.com',
  'connection' => 'keep-alive',
  'pragma' => 'no-cache',
  'cache-control' => 'no-cache',
  'upgrade-insecure-requests' => '1',
  'user-agent' => 'Mozilla/5.0 (Windows NT 10.0; Win64; x64) AppleWebKit/537.36 (KHTML, like Gecko) Chrome/68.0.3440.106 Safari/537.36',
  'accept' => 'text/html,application/xhtml+xml,application/xml;q=0.9,image/webp,image/apng,*/*;q=0.8',
  'referer' => 'http://www.pt5.com/index/task/task.html',
  'accept-encoding' => 'gzip, deflate',
  'accept-language' => 'zh-CN,zh;q=0.9,en;q=0.8',
  'cookie' => 'thinkphp_show_page_trace=0|0; PHPSESSID=7mqema675jn3sa8cfh94jmhb83; thinkphp_show_page_trace=0|0',
)
[ info ] [ PARAM ] array (
)
[ info ] [ SESSION ] INIT array (
  'id' => '',
  'var_session_id' => '',
  'prefix' => 'think',
  'type' => '',
  'auto_start' => true,
)
[ info ] [ RUN ] app\index\controller\Download->download[ D:\myphp_www\PHPTutorial\WWW\pt5\application\index\controller\Download.php ]
[ info ] [ DB ] INIT mysql
[ info ] [ VIEW ] D:\myphp_www\PHPTutorial\WWW\pt5\public/../application/index\view\download\download.html [ array (
  0 => 'logmin',
  1 => 'logmax',
  2 => 'keywords',
  3 => 'selected',
  4 => 'arrylist',
  5 => 'PreLabels',
  6 => 'lbl_list',
) ]
[ info ] [ LOG ] INIT File
[ sql ] [ DB ] CONNECT:[ UseTime:0.002485s ] mysql:host=127.0.0.1;dbname=tp5;charset=utf8
[ sql ] [ SQL ] select id, filename, filetype, author, source, category, cate_dtl, description, uploadtime
								 from download
								where enable = 1 [ RunTime:0.002201s ]
[ sql ] [ SQL ] select id, name from label order by hot desc [ RunTime:0.001271s ]
---------------------------------------------------------------
[ 2018-10-20T16:16:56+08:00 ] 127.0.0.1 POST /index/download/ajaxSearchresbylabels
[ info ] www.pt5.com/index/download/ajaxSearchresbylabels [运行时间：0.060765s][吞吐率：16.46req/s] [内存消耗：1,910.30kb] [文件加载：49]
[ info ] [ LANG ] D:\myphp_www\PHPTutorial\WWW\pt5\thinkphp\lang\zh-cn.php
[ info ] [ ROUTE ] array (
  'type' => 'module',
  'module' => 
  array (
    0 => 'index',
    1 => 'download',
    2 => 'ajaxSearchresbylabels',
  ),
)
[ info ] [ HEADER ] array (
  'host' => 'www.pt5.com',
  'connection' => 'keep-alive',
  'content-length' => '88',
  'pragma' => 'no-cache',
  'cache-control' => 'no-cache',
  'accept' => 'application/json, text/javascript, */*; q=0.01',
  'origin' => 'http://www.pt5.com',
  'x-requested-with' => 'XMLHttpRequest',
  'user-agent' => 'Mozilla/5.0 (Windows NT 10.0; Win64; x64) AppleWebKit/537.36 (KHTML, like Gecko) Chrome/68.0.3440.106 Safari/537.36',
  'content-type' => 'application/x-www-form-urlencoded; charset=UTF-8',
  'referer' => 'http://www.pt5.com/index/download/download.html',
  'accept-encoding' => 'gzip, deflate',
  'accept-language' => 'zh-CN,zh;q=0.9,en;q=0.8',
  'cookie' => 'thinkphp_show_page_trace=0|0; PHPSESSID=7mqema675jn3sa8cfh94jmhb83; thinkphp_show_page_trace=0|0',
)
[ info ] [ PARAM ] array (
  'logmin' => '1900-01-01',
  'logmax' => '2018-10-20',
  'selected' => '%',
  'keywords' => '',
  'labels' => 
  array (
    0 => '3',
  ),
  'provSelect' => '%',
)
[ info ] [ SESSION ] INIT array (
  'id' => '',
  'var_session_id' => '',
  'prefix' => 'think',
  'type' => '',
  'auto_start' => true,
)
[ info ] [ RUN ] app\index\controller\Download->ajaxSearchResByLabels[ D:\myphp_www\PHPTutorial\WWW\pt5\application\index\controller\Download.php ]
[ info ] [ DB ] INIT mysql
[ info ] [ LOG ] INIT File
[ sql ] [ DB ] CONNECT:[ UseTime:0.003326s ] mysql:host=127.0.0.1;dbname=tp5;charset=utf8
[ sql ] [ SQL ] select id, name from label where id in (3) [ RunTime:0.000504s ]
[ sql ] [ SQL ] select res_id from res_label where label_id = 3 [ RunTime:0.001213s ]
[ sql ] [ SQL ] select id, filename, filetype, author, source, category, cate_dtl, description, uploadtime from download
				  where uploadtime >= '1900-01-01'
				    and uploadtime <= '2018-10-20'
				    and enable = 1 and (filename like '%%'
					 or source like '%%'
					 or author like '%%'
					 or uploader like '%%') and id in (133,134) [ RunTime:0.000473s ]
[ sql ] [ SQL ] select id, name from label order by hot desc [ RunTime:0.000396s ]
---------------------------------------------------------------
[ 2018-10-20T16:18:12+08:00 ] 127.0.0.1 GET /index/download/download.html
[ info ] www.pt5.com/index/download/download.html [运行时间：0.070084s][吞吐率：14.27req/s] [内存消耗：2,294.47kb] [文件加载：54]
[ info ] [ LANG ] D:\myphp_www\PHPTutorial\WWW\pt5\thinkphp\lang\zh-cn.php
[ info ] [ ROUTE ] array (
  'type' => 'module',
  'module' => 
  array (
    0 => 'index',
    1 => 'download',
    2 => 'download',
  ),
)
[ info ] [ HEADER ] array (
  'host' => 'www.pt5.com',
  'connection' => 'keep-alive',
  'pragma' => 'no-cache',
  'cache-control' => 'no-cache',
  'upgrade-insecure-requests' => '1',
  'user-agent' => 'Mozilla/5.0 (Windows NT 10.0; Win64; x64) AppleWebKit/537.36 (KHTML, like Gecko) Chrome/68.0.3440.106 Safari/537.36',
  'accept' => 'text/html,application/xhtml+xml,application/xml;q=0.9,image/webp,image/apng,*/*;q=0.8',
  'referer' => 'http://www.pt5.com/index/task/task.html',
  'accept-encoding' => 'gzip, deflate',
  'accept-language' => 'zh-CN,zh;q=0.9,en;q=0.8',
  'cookie' => 'thinkphp_show_page_trace=0|0; PHPSESSID=7mqema675jn3sa8cfh94jmhb83; thinkphp_show_page_trace=0|0',
)
[ info ] [ PARAM ] array (
)
[ info ] [ SESSION ] INIT array (
  'id' => '',
  'var_session_id' => '',
  'prefix' => 'think',
  'type' => '',
  'auto_start' => true,
)
[ info ] [ RUN ] app\index\controller\Download->download[ D:\myphp_www\PHPTutorial\WWW\pt5\application\index\controller\Download.php ]
[ info ] [ DB ] INIT mysql
[ info ] [ VIEW ] D:\myphp_www\PHPTutorial\WWW\pt5\public/../application/index\view\download\download.html [ array (
  0 => 'logmin',
  1 => 'logmax',
  2 => 'keywords',
  3 => 'selected',
  4 => 'arrylist',
  5 => 'PreLabels',
  6 => 'lbl_list',
) ]
[ info ] [ LOG ] INIT File
[ sql ] [ DB ] CONNECT:[ UseTime:0.002417s ] mysql:host=127.0.0.1;dbname=tp5;charset=utf8
[ sql ] [ SQL ] select id, filename, filetype, author, source, category, cate_dtl, description, uploadtime
								 from download
								where enable = 1 [ RunTime:0.001334s ]
[ sql ] [ SQL ] select id, name from label order by hot desc [ RunTime:0.000526s ]
---------------------------------------------------------------
[ 2018-10-20T16:18:15+08:00 ] 127.0.0.1 POST /index/download/ajaxSearchresbylabels
[ info ] www.pt5.com/index/download/ajaxSearchresbylabels [运行时间：0.053594s][吞吐率：18.66req/s] [内存消耗：1,910.81kb] [文件加载：49]
[ info ] [ LANG ] D:\myphp_www\PHPTutorial\WWW\pt5\thinkphp\lang\zh-cn.php
[ info ] [ ROUTE ] array (
  'type' => 'module',
  'module' => 
  array (
    0 => 'index',
    1 => 'download',
    2 => 'ajaxSearchresbylabels',
  ),
)
[ info ] [ HEADER ] array (
  'host' => 'www.pt5.com',
  'connection' => 'keep-alive',
  'content-length' => '73',
  'pragma' => 'no-cache',
  'cache-control' => 'no-cache',
  'accept' => 'application/json, text/javascript, */*; q=0.01',
  'origin' => 'http://www.pt5.com',
  'x-requested-with' => 'XMLHttpRequest',
  'user-agent' => 'Mozilla/5.0 (Windows NT 10.0; Win64; x64) AppleWebKit/537.36 (KHTML, like Gecko) Chrome/68.0.3440.106 Safari/537.36',
  'content-type' => 'application/x-www-form-urlencoded; charset=UTF-8',
  'referer' => 'http://www.pt5.com/index/download/download.html',
  'accept-encoding' => 'gzip, deflate',
  'accept-language' => 'zh-CN,zh;q=0.9,en;q=0.8',
  'cookie' => 'thinkphp_show_page_trace=0|0; PHPSESSID=7mqema675jn3sa8cfh94jmhb83; thinkphp_show_page_trace=0|0',
)
[ info ] [ PARAM ] array (
  'logmin' => '1900-01-01',
  'logmax' => '2018-10-20',
  'selected' => '%',
  'keywords' => '',
  'provSelect' => '%',
)
[ info ] [ SESSION ] INIT array (
  'id' => '',
  'var_session_id' => '',
  'prefix' => 'think',
  'type' => '',
  'auto_start' => true,
)
[ info ] [ RUN ] app\index\controller\Download->ajaxSearchResByLabels[ D:\myphp_www\PHPTutorial\WWW\pt5\application\index\controller\Download.php ]
[ info ] [ DB ] INIT mysql
[ info ] [ LOG ] INIT File
[ sql ] [ DB ] CONNECT:[ UseTime:0.003875s ] mysql:host=127.0.0.1;dbname=tp5;charset=utf8
[ sql ] [ SQL ] select id, filename, filetype, author, source, category, cate_dtl, description, uploadtime from download
				  where uploadtime >= '1900-01-01'
				    and uploadtime <= '2018-10-20'
				    and enable = 1 and (filename like '%%'
					 or source like '%%'
					 or author like '%%'
					 or uploader like '%%') [ RunTime:0.000716s ]
[ sql ] [ SQL ] select id, name from label order by hot desc [ RunTime:0.000401s ]
---------------------------------------------------------------
[ 2018-10-20T16:18:58+08:00 ] 127.0.0.1 GET /index/download/download.html
[ info ] www.pt5.com/index/download/download.html [运行时间：0.079587s][吞吐率：12.56req/s] [内存消耗：2,294.47kb] [文件加载：54]
[ info ] [ LANG ] D:\myphp_www\PHPTutorial\WWW\pt5\thinkphp\lang\zh-cn.php
[ info ] [ ROUTE ] array (
  'type' => 'module',
  'module' => 
  array (
    0 => 'index',
    1 => 'download',
    2 => 'download',
  ),
)
[ info ] [ HEADER ] array (
  'host' => 'www.pt5.com',
  'connection' => 'keep-alive',
  'pragma' => 'no-cache',
  'cache-control' => 'no-cache',
  'upgrade-insecure-requests' => '1',
  'user-agent' => 'Mozilla/5.0 (Windows NT 10.0; Win64; x64) AppleWebKit/537.36 (KHTML, like Gecko) Chrome/68.0.3440.106 Safari/537.36',
  'accept' => 'text/html,application/xhtml+xml,application/xml;q=0.9,image/webp,image/apng,*/*;q=0.8',
  'referer' => 'http://www.pt5.com/index/task/task.html',
  'accept-encoding' => 'gzip, deflate',
  'accept-language' => 'zh-CN,zh;q=0.9,en;q=0.8',
  'cookie' => 'thinkphp_show_page_trace=0|0; PHPSESSID=7mqema675jn3sa8cfh94jmhb83; thinkphp_show_page_trace=0|0',
)
[ info ] [ PARAM ] array (
)
[ info ] [ SESSION ] INIT array (
  'id' => '',
  'var_session_id' => '',
  'prefix' => 'think',
  'type' => '',
  'auto_start' => true,
)
[ info ] [ RUN ] app\index\controller\Download->download[ D:\myphp_www\PHPTutorial\WWW\pt5\application\index\controller\Download.php ]
[ info ] [ DB ] INIT mysql
[ info ] [ VIEW ] D:\myphp_www\PHPTutorial\WWW\pt5\public/../application/index\view\download\download.html [ array (
  0 => 'logmin',
  1 => 'logmax',
  2 => 'keywords',
  3 => 'selected',
  4 => 'arrylist',
  5 => 'PreLabels',
  6 => 'lbl_list',
) ]
[ info ] [ LOG ] INIT File
[ sql ] [ DB ] CONNECT:[ UseTime:0.002322s ] mysql:host=127.0.0.1;dbname=tp5;charset=utf8
[ sql ] [ SQL ] select id, filename, filetype, author, source, category, cate_dtl, description, uploadtime
								 from download
								where enable = 1 [ RunTime:0.001567s ]
[ sql ] [ SQL ] select id, name from label order by hot desc [ RunTime:0.000632s ]
---------------------------------------------------------------
[ 2018-10-20T16:19:00+08:00 ] 127.0.0.1 POST /index/download/ajaxSearchresbylabels
[ info ] www.pt5.com/index/download/ajaxSearchresbylabels [运行时间：0.056315s][吞吐率：17.76req/s] [内存消耗：1,910.81kb] [文件加载：49]
[ info ] [ LANG ] D:\myphp_www\PHPTutorial\WWW\pt5\thinkphp\lang\zh-cn.php
[ info ] [ ROUTE ] array (
  'type' => 'module',
  'module' => 
  array (
    0 => 'index',
    1 => 'download',
    2 => 'ajaxSearchresbylabels',
  ),
)
[ info ] [ HEADER ] array (
  'host' => 'www.pt5.com',
  'connection' => 'keep-alive',
  'content-length' => '73',
  'pragma' => 'no-cache',
  'cache-control' => 'no-cache',
  'accept' => 'application/json, text/javascript, */*; q=0.01',
  'origin' => 'http://www.pt5.com',
  'x-requested-with' => 'XMLHttpRequest',
  'user-agent' => 'Mozilla/5.0 (Windows NT 10.0; Win64; x64) AppleWebKit/537.36 (KHTML, like Gecko) Chrome/68.0.3440.106 Safari/537.36',
  'content-type' => 'application/x-www-form-urlencoded; charset=UTF-8',
  'referer' => 'http://www.pt5.com/index/download/download.html',
  'accept-encoding' => 'gzip, deflate',
  'accept-language' => 'zh-CN,zh;q=0.9,en;q=0.8',
  'cookie' => 'thinkphp_show_page_trace=0|0; PHPSESSID=7mqema675jn3sa8cfh94jmhb83; thinkphp_show_page_trace=0|0',
)
[ info ] [ PARAM ] array (
  'logmin' => '1900-01-01',
  'logmax' => '2018-10-20',
  'selected' => '%',
  'keywords' => '',
  'provSelect' => '%',
)
[ info ] [ SESSION ] INIT array (
  'id' => '',
  'var_session_id' => '',
  'prefix' => 'think',
  'type' => '',
  'auto_start' => true,
)
[ info ] [ RUN ] app\index\controller\Download->ajaxSearchResByLabels[ D:\myphp_www\PHPTutorial\WWW\pt5\application\index\controller\Download.php ]
[ info ] [ DB ] INIT mysql
[ info ] [ LOG ] INIT File
[ sql ] [ DB ] CONNECT:[ UseTime:0.004065s ] mysql:host=127.0.0.1;dbname=tp5;charset=utf8
[ sql ] [ SQL ] select id, filename, filetype, author, source, category, cate_dtl, description, uploadtime from download
				  where uploadtime >= '1900-01-01'
				    and uploadtime <= '2018-10-20'
				    and enable = 1 and (filename like '%%'
					 or source like '%%'
					 or author like '%%'
					 or uploader like '%%') [ RunTime:0.000710s ]
[ sql ] [ SQL ] select id, name from label order by hot desc [ RunTime:0.000433s ]
---------------------------------------------------------------
[ 2018-10-20T16:19:02+08:00 ] 127.0.0.1 GET /index/download/media/fileName/3CTest%20for%20Talentdocx?fileName=1
[ info ] www.pt5.com/index/download/media/fileName/3CTest%20for%20Talentdocx?fileName=1 [运行时间：0.075523s][吞吐率：13.24req/s] [内存消耗：1,724.22kb] [文件加载：47]
[ info ] [ LANG ] D:\myphp_www\PHPTutorial\WWW\pt5\thinkphp\lang\zh-cn.php
[ info ] [ ROUTE ] array (
  'type' => 'module',
  'module' => 
  array (
    0 => 'index',
    1 => 'download',
    2 => 'media',
  ),
)
[ info ] [ HEADER ] array (
  'host' => 'www.pt5.com',
  'connection' => 'keep-alive',
  'pragma' => 'no-cache',
  'cache-control' => 'no-cache',
  'accept' => '*/*',
  'x-requested-with' => 'XMLHttpRequest',
  'user-agent' => 'Mozilla/5.0 (Windows NT 10.0; Win64; x64) AppleWebKit/537.36 (KHTML, like Gecko) Chrome/68.0.3440.106 Safari/537.36',
  'referer' => 'http://www.pt5.com/index/download/download.html',
  'accept-encoding' => 'gzip, deflate',
  'accept-language' => 'zh-CN,zh;q=0.9,en;q=0.8',
  'cookie' => 'thinkphp_show_page_trace=0|0; thinkphp_show_page_trace=0|0; PHPSESSID=7mqema675jn3sa8cfh94jmhb83; thinkphp_show_page_trace=0|0',
)
[ info ] [ PARAM ] array (
  'fileName' => '3CTest for Talentdocx',
)
[ info ] [ SESSION ] INIT array (
  'id' => '',
  'var_session_id' => '',
  'prefix' => 'think',
  'type' => '',
  'auto_start' => true,
)
[ info ] [ RUN ] app\index\controller\Download->media[ D:\myphp_www\PHPTutorial\WWW\pt5\application\index\controller\Download.php ]
[ info ] [ VIEW ] D:\myphp_www\PHPTutorial\WWW\pt5\public/../application/index\view\download\media.html [ array (
  0 => 'fileName',
) ]
[ info ] [ LOG ] INIT File
---------------------------------------------------------------
[ 2018-10-20T16:19:02+08:00 ] 127.0.0.1 GET /index/download/media/fileName/3CTest%20for%20Talentdocx
[ info ] www.pt5.com/index/download/media/fileName/3CTest%20for%20Talentdocx [运行时间：0.082808s][吞吐率：12.08req/s] [内存消耗：1,776.63kb] [文件加载：49]
[ info ] [ LANG ] D:\myphp_www\PHPTutorial\WWW\pt5\thinkphp\lang\zh-cn.php
[ info ] [ ROUTE ] array (
  'type' => 'module',
  'module' => 
  array (
    0 => 'index',
    1 => 'download',
    2 => 'media',
  ),
)
[ info ] [ HEADER ] array (
  'host' => 'www.pt5.com',
  'connection' => 'keep-alive',
  'pragma' => 'no-cache',
  'cache-control' => 'no-cache',
  'upgrade-insecure-requests' => '1',
  'user-agent' => 'Mozilla/5.0 (Windows NT 10.0; Win64; x64) AppleWebKit/537.36 (KHTML, like Gecko) Chrome/68.0.3440.106 Safari/537.36',
  'accept' => 'text/html,application/xhtml+xml,application/xml;q=0.9,image/webp,image/apng,*/*;q=0.8',
  'referer' => 'http://www.pt5.com/index/download/download.html',
  'accept-encoding' => 'gzip, deflate',
  'accept-language' => 'zh-CN,zh;q=0.9,en;q=0.8',
  'cookie' => 'thinkphp_show_page_trace=0|0; thinkphp_show_page_trace=0|0; PHPSESSID=7mqema675jn3sa8cfh94jmhb83; thinkphp_show_page_trace=0|0',
)
[ info ] [ PARAM ] array (
  'fileName' => '3CTest for Talentdocx',
)
[ info ] [ SESSION ] INIT array (
  'id' => '',
  'var_session_id' => '',
  'prefix' => 'think',
  'type' => '',
  'auto_start' => true,
)
[ info ] [ RUN ] app\index\controller\Download->media[ D:\myphp_www\PHPTutorial\WWW\pt5\application\index\controller\Download.php ]
[ info ] [ VIEW ] D:\myphp_www\PHPTutorial\WWW\pt5\public/../application/index\view\download\media.html [ array (
  0 => 'fileName',
) ]
[ info ] [ LOG ] INIT File
---------------------------------------------------------------
[ 2018-10-20T16:19:29+08:00 ] 127.0.0.1 GET /index/download/download.html
[ info ] www.pt5.com/index/download/download.html [运行时间：0.079914s][吞吐率：12.51req/s] [内存消耗：2,090.11kb] [文件加载：52]
[ info ] [ LANG ] D:\myphp_www\PHPTutorial\WWW\pt5\thinkphp\lang\zh-cn.php
[ info ] [ ROUTE ] array (
  'type' => 'module',
  'module' => 
  array (
    0 => 'index',
    1 => 'download',
    2 => 'download',
  ),
)
[ info ] [ HEADER ] array (
  'host' => 'www.pt5.com',
  'connection' => 'keep-alive',
  'pragma' => 'no-cache',
  'cache-control' => 'no-cache',
  'upgrade-insecure-requests' => '1',
  'user-agent' => 'Mozilla/5.0 (Windows NT 10.0; Win64; x64) AppleWebKit/537.36 (KHTML, like Gecko) Chrome/68.0.3440.106 Safari/537.36',
  'accept' => 'text/html,application/xhtml+xml,application/xml;q=0.9,image/webp,image/apng,*/*;q=0.8',
  'referer' => 'http://www.pt5.com/index/task/task.html',
  'accept-encoding' => 'gzip, deflate',
  'accept-language' => 'zh-CN,zh;q=0.9,en;q=0.8',
  'cookie' => 'thinkphp_show_page_trace=0|0; PHPSESSID=7mqema675jn3sa8cfh94jmhb83; thinkphp_show_page_trace=0|0',
)
[ info ] [ PARAM ] array (
)
[ info ] [ SESSION ] INIT array (
  'id' => '',
  'var_session_id' => '',
  'prefix' => 'think',
  'type' => '',
  'auto_start' => true,
)
[ info ] [ RUN ] app\index\controller\Download->download[ D:\myphp_www\PHPTutorial\WWW\pt5\application\index\controller\Download.php ]
[ info ] [ DB ] INIT mysql
[ info ] [ VIEW ] D:\myphp_www\PHPTutorial\WWW\pt5\public/../application/index\view\download\download.html [ array (
  0 => 'logmin',
  1 => 'logmax',
  2 => 'keywords',
  3 => 'selected',
  4 => 'arrylist',
  5 => 'PreLabels',
  6 => 'lbl_list',
) ]
[ info ] [ LOG ] INIT File
[ sql ] [ DB ] CONNECT:[ UseTime:0.002873s ] mysql:host=127.0.0.1;dbname=tp5;charset=utf8
[ sql ] [ SQL ] select id, filename, filetype, author, source, category, cate_dtl, description, uploadtime
								 from download
								where enable = 1 [ RunTime:0.000533s ]
[ sql ] [ SQL ] select id, name from label order by hot desc [ RunTime:0.000285s ]
---------------------------------------------------------------
[ 2018-10-20T16:20:11+08:00 ] 127.0.0.1 GET /index/download/download.html
[ info ] www.pt5.com/index/download/download.html [运行时间：0.080272s][吞吐率：12.46req/s] [内存消耗：2,294.50kb] [文件加载：54]
[ info ] [ LANG ] D:\myphp_www\PHPTutorial\WWW\pt5\thinkphp\lang\zh-cn.php
[ info ] [ ROUTE ] array (
  'type' => 'module',
  'module' => 
  array (
    0 => 'index',
    1 => 'download',
    2 => 'download',
  ),
)
[ info ] [ HEADER ] array (
  'host' => 'www.pt5.com',
  'connection' => 'keep-alive',
  'pragma' => 'no-cache',
  'cache-control' => 'no-cache',
  'upgrade-insecure-requests' => '1',
  'user-agent' => 'Mozilla/5.0 (Windows NT 10.0; Win64; x64) AppleWebKit/537.36 (KHTML, like Gecko) Chrome/68.0.3440.106 Safari/537.36',
  'accept' => 'text/html,application/xhtml+xml,application/xml;q=0.9,image/webp,image/apng,*/*;q=0.8',
  'referer' => 'http://www.pt5.com/index/task/task.html',
  'accept-encoding' => 'gzip, deflate',
  'accept-language' => 'zh-CN,zh;q=0.9,en;q=0.8',
  'cookie' => 'thinkphp_show_page_trace=0|0; PHPSESSID=7mqema675jn3sa8cfh94jmhb83; thinkphp_show_page_trace=0|0',
)
[ info ] [ PARAM ] array (
)
[ info ] [ SESSION ] INIT array (
  'id' => '',
  'var_session_id' => '',
  'prefix' => 'think',
  'type' => '',
  'auto_start' => true,
)
[ info ] [ RUN ] app\index\controller\Download->download[ D:\myphp_www\PHPTutorial\WWW\pt5\application\index\controller\Download.php ]
[ info ] [ DB ] INIT mysql
[ info ] [ VIEW ] D:\myphp_www\PHPTutorial\WWW\pt5\public/../application/index\view\download\download.html [ array (
  0 => 'logmin',
  1 => 'logmax',
  2 => 'keywords',
  3 => 'selected',
  4 => 'arrylist',
  5 => 'PreLabels',
  6 => 'lbl_list',
) ]
[ info ] [ LOG ] INIT File
[ sql ] [ DB ] CONNECT:[ UseTime:0.002398s ] mysql:host=127.0.0.1;dbname=tp5;charset=utf8
[ sql ] [ SQL ] select id, filename, filetype, author, source, category, cate_dtl, description, uploadtime
								 from download
								where enable = 1 [ RunTime:0.000538s ]
[ sql ] [ SQL ] select id, name from label order by hot desc [ RunTime:0.000445s ]
---------------------------------------------------------------
[ 2018-10-20T16:20:15+08:00 ] 127.0.0.1 POST /index/download/ajaxSearchresbylabels
[ info ] www.pt5.com/index/download/ajaxSearchresbylabels [运行时间：0.063247s][吞吐率：15.81req/s] [内存消耗：1,910.01kb] [文件加载：49]
[ info ] [ LANG ] D:\myphp_www\PHPTutorial\WWW\pt5\thinkphp\lang\zh-cn.php
[ info ] [ ROUTE ] array (
  'type' => 'module',
  'module' => 
  array (
    0 => 'index',
    1 => 'download',
    2 => 'ajaxSearchresbylabels',
  ),
)
[ info ] [ HEADER ] array (
  'host' => 'www.pt5.com',
  'connection' => 'keep-alive',
  'content-length' => '88',
  'pragma' => 'no-cache',
  'cache-control' => 'no-cache',
  'accept' => 'application/json, text/javascript, */*; q=0.01',
  'origin' => 'http://www.pt5.com',
  'x-requested-with' => 'XMLHttpRequest',
  'user-agent' => 'Mozilla/5.0 (Windows NT 10.0; Win64; x64) AppleWebKit/537.36 (KHTML, like Gecko) Chrome/68.0.3440.106 Safari/537.36',
  'content-type' => 'application/x-www-form-urlencoded; charset=UTF-8',
  'referer' => 'http://www.pt5.com/index/download/download.html',
  'accept-encoding' => 'gzip, deflate',
  'accept-language' => 'zh-CN,zh;q=0.9,en;q=0.8',
  'cookie' => 'thinkphp_show_page_trace=0|0; PHPSESSID=7mqema675jn3sa8cfh94jmhb83; thinkphp_show_page_trace=0|0',
)
[ info ] [ PARAM ] array (
  'logmin' => '1900-01-01',
  'logmax' => '2018-10-20',
  'selected' => '%',
  'keywords' => '',
  'labels' => 
  array (
    0 => '3',
  ),
  'provSelect' => '%',
)
[ info ] [ SESSION ] INIT array (
  'id' => '',
  'var_session_id' => '',
  'prefix' => 'think',
  'type' => '',
  'auto_start' => true,
)
[ info ] [ RUN ] app\index\controller\Download->ajaxSearchResByLabels[ D:\myphp_www\PHPTutorial\WWW\pt5\application\index\controller\Download.php ]
[ info ] [ DB ] INIT mysql
[ info ] [ LOG ] INIT File
[ sql ] [ DB ] CONNECT:[ UseTime:0.002514s ] mysql:host=127.0.0.1;dbname=tp5;charset=utf8
[ sql ] [ SQL ] select id, name from label where id in (3) [ RunTime:0.000395s ]
[ sql ] [ SQL ] select res_id from res_label where label_id = 3 [ RunTime:0.000296s ]
[ sql ] [ SQL ] select id, filename, filetype, author, source, category, cate_dtl, description, uploadtime from download
				  where uploadtime >= '1900-01-01'
				    and uploadtime <= '2018-10-20'
				    and enable = 1 and (filename like '%%'
					 or source like '%%'
					 or author like '%%'
					 or uploader like '%%') and id in (133,134) [ RunTime:0.000505s ]
[ sql ] [ SQL ] select id, name from label order by hot desc [ RunTime:0.000317s ]
---------------------------------------------------------------
[ 2018-10-20T16:20:15+08:00 ] 127.0.0.1 GET /index.php
[ info ] www.pt5.com/index.php [运行时间：0.066278s][吞吐率：15.09req/s] [内存消耗：1,885.96kb] [文件加载：51]
[ info ] [ LANG ] D:\myphp_www\PHPTutorial\WWW\pt5\thinkphp\lang\zh-cn.php
[ info ] [ ROUTE ] array (
  'type' => 'module',
  'module' => 
  array (
    0 => '',
    1 => NULL,
    2 => NULL,
  ),
)
[ info ] [ HEADER ] array (
  'host' => 'www.pt5.com',
  'accept-encoding' => 'compress,gzip',
  'connection' => 'Close',
)
[ info ] [ PARAM ] array (
)
[ info ] [ SESSION ] INIT array (
  'id' => '',
  'var_session_id' => '',
  'prefix' => 'think',
  'type' => '',
  'auto_start' => true,
)
[ info ] [ RUN ] app\index\controller\Index->index[ D:\myphp_www\PHPTutorial\WWW\pt5\application\index\controller\Index.php ]
[ info ] [ DB ] INIT mysql
[ info ] [ VIEW ] D:\myphp_www\PHPTutorial\WWW\pt5\public/../application/index\view\index\index.html [ array (
  0 => 'list',
) ]
[ info ] [ LOG ] INIT File
[ sql ] [ DB ] CONNECT:[ UseTime:0.002323s ] mysql:host=127.0.0.1;dbname=tp5;charset=utf8
[ sql ] [ SQL ] select title, content, updatetime from news order by updatetime desc LIMIT 3 [ RunTime:0.001061s ]
---------------------------------------------------------------
[ 2018-10-20T16:20:16+08:00 ] 127.0.0.1 GET /index/download/media/fileName/%E5%85%AD%E7%BA%A7%E5%86%99%E4%BD%9C%E2%80%94%E5%8D%81%E5%A4%A7%E5%BF%85%E8%83%8C%E8%8C%83%E6%96%87.%7Bvo.filetype%7D?fileName=1
[ info ] www.pt5.com/index/download/media/fileName/%E5%85%AD%E7%BA%A7%E5%86%99%E4%BD%9C%E2%80%94%E5%8D%81%E5%A4%A7%E5%BF%85%E8%83%8C%E8%8C%83%E6%96%87.%7Bvo.filetype%7D?fileName=1 [运行时间：0.076059s][吞吐率：13.15req/s] [内存消耗：1,724.58kb] [文件加载：47]
[ info ] [ LANG ] D:\myphp_www\PHPTutorial\WWW\pt5\thinkphp\lang\zh-cn.php
[ info ] [ ROUTE ] array (
  'type' => 'module',
  'module' => 
  array (
    0 => 'index',
    1 => 'download',
    2 => 'media',
  ),
)
[ info ] [ HEADER ] array (
  'host' => 'www.pt5.com',
  'connection' => 'keep-alive',
  'pragma' => 'no-cache',
  'cache-control' => 'no-cache',
  'accept' => '*/*',
  'x-requested-with' => 'XMLHttpRequest',
  'user-agent' => 'Mozilla/5.0 (Windows NT 10.0; Win64; x64) AppleWebKit/537.36 (KHTML, like Gecko) Chrome/68.0.3440.106 Safari/537.36',
  'referer' => 'http://www.pt5.com/index/download/download.html',
  'accept-encoding' => 'gzip, deflate',
  'accept-language' => 'zh-CN,zh;q=0.9,en;q=0.8',
  'cookie' => 'thinkphp_show_page_trace=0|0; thinkphp_show_page_trace=0|0; PHPSESSID=7mqema675jn3sa8cfh94jmhb83; thinkphp_show_page_trace=0|0',
)
[ info ] [ PARAM ] array (
  'fileName' => '六级写作—十大必背范文.{vo.filetype}',
)
[ info ] [ SESSION ] INIT array (
  'id' => '',
  'var_session_id' => '',
  'prefix' => 'think',
  'type' => '',
  'auto_start' => true,
)
[ info ] [ RUN ] app\index\controller\Download->media[ D:\myphp_www\PHPTutorial\WWW\pt5\application\index\controller\Download.php ]
[ info ] [ VIEW ] D:\myphp_www\PHPTutorial\WWW\pt5\public/../application/index\view\download\media.html [ array (
  0 => 'fileName',
) ]
[ info ] [ LOG ] INIT File
---------------------------------------------------------------
[ 2018-10-20T16:20:16+08:00 ] 127.0.0.1 GET /index/download/media/fileName/%E5%85%AD%E7%BA%A7%E5%86%99%E4%BD%9C%E2%80%94%E5%8D%81%E5%A4%A7%E5%BF%85%E8%83%8C%E8%8C%83%E6%96%87.%7Bvo.filetype%7D
[ info ] www.pt5.com/index/download/media/fileName/%E5%85%AD%E7%BA%A7%E5%86%99%E4%BD%9C%E2%80%94%E5%8D%81%E5%A4%A7%E5%BF%85%E8%83%8C%E8%8C%83%E6%96%87.%7Bvo.filetype%7D [运行时间：0.095366s][吞吐率：10.49req/s] [内存消耗：1,776.98kb] [文件加载：49]
[ info ] [ LANG ] D:\myphp_www\PHPTutorial\WWW\pt5\thinkphp\lang\zh-cn.php
[ info ] [ ROUTE ] array (
  'type' => 'module',
  'module' => 
  array (
    0 => 'index',
    1 => 'download',
    2 => 'media',
  ),
)
[ info ] [ HEADER ] array (
  'host' => 'www.pt5.com',
  'connection' => 'keep-alive',
  'pragma' => 'no-cache',
  'cache-control' => 'no-cache',
  'upgrade-insecure-requests' => '1',
  'user-agent' => 'Mozilla/5.0 (Windows NT 10.0; Win64; x64) AppleWebKit/537.36 (KHTML, like Gecko) Chrome/68.0.3440.106 Safari/537.36',
  'accept' => 'text/html,application/xhtml+xml,application/xml;q=0.9,image/webp,image/apng,*/*;q=0.8',
  'referer' => 'http://www.pt5.com/index/download/download.html',
  'accept-encoding' => 'gzip, deflate',
  'accept-language' => 'zh-CN,zh;q=0.9,en;q=0.8',
  'cookie' => 'thinkphp_show_page_trace=0|0; thinkphp_show_page_trace=0|0; PHPSESSID=7mqema675jn3sa8cfh94jmhb83; thinkphp_show_page_trace=0|0',
)
[ info ] [ PARAM ] array (
  'fileName' => '六级写作—十大必背范文.{vo.filetype}',
)
[ info ] [ SESSION ] INIT array (
  'id' => '',
  'var_session_id' => '',
  'prefix' => 'think',
  'type' => '',
  'auto_start' => true,
)
[ info ] [ RUN ] app\index\controller\Download->media[ D:\myphp_www\PHPTutorial\WWW\pt5\application\index\controller\Download.php ]
[ info ] [ VIEW ] D:\myphp_www\PHPTutorial\WWW\pt5\public/../application/index\view\download\media.html [ array (
  0 => 'fileName',
) ]
[ info ] [ LOG ] INIT File
---------------------------------------------------------------
[ 2018-10-20T16:20:22+08:00 ] 127.0.0.1 GET /index/download/media/fileName/3CTest%20for%20Talent.%7Bvo.filetype%7D?fileName=1
[ info ] www.pt5.com/index/download/media/fileName/3CTest%20for%20Talent.%7Bvo.filetype%7D?fileName=1 [运行时间：0.060007s][吞吐率：16.66req/s] [内存消耗：1,724.30kb] [文件加载：47]
[ info ] [ LANG ] D:\myphp_www\PHPTutorial\WWW\pt5\thinkphp\lang\zh-cn.php
[ info ] [ ROUTE ] array (
  'type' => 'module',
  'module' => 
  array (
    0 => 'index',
    1 => 'download',
    2 => 'media',
  ),
)
[ info ] [ HEADER ] array (
  'host' => 'www.pt5.com',
  'connection' => 'keep-alive',
  'pragma' => 'no-cache',
  'cache-control' => 'no-cache',
  'accept' => '*/*',
  'x-requested-with' => 'XMLHttpRequest',
  'user-agent' => 'Mozilla/5.0 (Windows NT 10.0; Win64; x64) AppleWebKit/537.36 (KHTML, like Gecko) Chrome/68.0.3440.106 Safari/537.36',
  'referer' => 'http://www.pt5.com/index/download/download.html',
  'accept-encoding' => 'gzip, deflate',
  'accept-language' => 'zh-CN,zh;q=0.9,en;q=0.8',
  'cookie' => 'thinkphp_show_page_trace=0|0; thinkphp_show_page_trace=0|0; PHPSESSID=7mqema675jn3sa8cfh94jmhb83; thinkphp_show_page_trace=0|0',
)
[ info ] [ PARAM ] array (
  'fileName' => '3CTest for Talent.{vo.filetype}',
)
[ info ] [ SESSION ] INIT array (
  'id' => '',
  'var_session_id' => '',
  'prefix' => 'think',
  'type' => '',
  'auto_start' => true,
)
[ info ] [ RUN ] app\index\controller\Download->media[ D:\myphp_www\PHPTutorial\WWW\pt5\application\index\controller\Download.php ]
[ info ] [ VIEW ] D:\myphp_www\PHPTutorial\WWW\pt5\public/../application/index\view\download\media.html [ array (
  0 => 'fileName',
) ]
[ info ] [ LOG ] INIT File
---------------------------------------------------------------
[ 2018-10-20T16:20:22+08:00 ] 127.0.0.1 GET /index/download/media/fileName/3CTest%20for%20Talent.%7Bvo.filetype%7D
[ info ] www.pt5.com/index/download/media/fileName/3CTest%20for%20Talent.%7Bvo.filetype%7D [运行时间：0.078134s][吞吐率：12.80req/s] [内存消耗：1,776.87kb] [文件加载：49]
[ info ] [ LANG ] D:\myphp_www\PHPTutorial\WWW\pt5\thinkphp\lang\zh-cn.php
[ info ] [ ROUTE ] array (
  'type' => 'module',
  'module' => 
  array (
    0 => 'index',
    1 => 'download',
    2 => 'media',
  ),
)
[ info ] [ HEADER ] array (
  'host' => 'www.pt5.com',
  'connection' => 'keep-alive',
  'pragma' => 'no-cache',
  'cache-control' => 'no-cache',
  'upgrade-insecure-requests' => '1',
  'user-agent' => 'Mozilla/5.0 (Windows NT 10.0; Win64; x64) AppleWebKit/537.36 (KHTML, like Gecko) Chrome/68.0.3440.106 Safari/537.36',
  'accept' => 'text/html,application/xhtml+xml,application/xml;q=0.9,image/webp,image/apng,*/*;q=0.8',
  'referer' => 'http://www.pt5.com/index/download/download.html',
  'accept-encoding' => 'gzip, deflate',
  'accept-language' => 'zh-CN,zh;q=0.9,en;q=0.8',
  'cookie' => 'thinkphp_show_page_trace=0|0; thinkphp_show_page_trace=0|0; PHPSESSID=7mqema675jn3sa8cfh94jmhb83; thinkphp_show_page_trace=0|0',
)
[ info ] [ PARAM ] array (
  'fileName' => '3CTest for Talent.{vo.filetype}',
)
[ info ] [ SESSION ] INIT array (
  'id' => '',
  'var_session_id' => '',
  'prefix' => 'think',
  'type' => '',
  'auto_start' => true,
)
[ info ] [ RUN ] app\index\controller\Download->media[ D:\myphp_www\PHPTutorial\WWW\pt5\application\index\controller\Download.php ]
[ info ] [ VIEW ] D:\myphp_www\PHPTutorial\WWW\pt5\public/../application/index\view\download\media.html [ array (
  0 => 'fileName',
) ]
[ info ] [ LOG ] INIT File
---------------------------------------------------------------
[ 2018-10-20T16:20:36+08:00 ] 127.0.0.1 GET /index/download/download.html
[ info ] www.pt5.com/index/download/download.html [运行时间：0.077937s][吞吐率：12.83req/s] [内存消耗：2,294.47kb] [文件加载：54]
[ info ] [ LANG ] D:\myphp_www\PHPTutorial\WWW\pt5\thinkphp\lang\zh-cn.php
[ info ] [ ROUTE ] array (
  'type' => 'module',
  'module' => 
  array (
    0 => 'index',
    1 => 'download',
    2 => 'download',
  ),
)
[ info ] [ HEADER ] array (
  'host' => 'www.pt5.com',
  'connection' => 'keep-alive',
  'pragma' => 'no-cache',
  'cache-control' => 'no-cache',
  'upgrade-insecure-requests' => '1',
  'user-agent' => 'Mozilla/5.0 (Windows NT 10.0; Win64; x64) AppleWebKit/537.36 (KHTML, like Gecko) Chrome/68.0.3440.106 Safari/537.36',
  'accept' => 'text/html,application/xhtml+xml,application/xml;q=0.9,image/webp,image/apng,*/*;q=0.8',
  'referer' => 'http://www.pt5.com/index/task/task.html',
  'accept-encoding' => 'gzip, deflate',
  'accept-language' => 'zh-CN,zh;q=0.9,en;q=0.8',
  'cookie' => 'thinkphp_show_page_trace=0|0; PHPSESSID=7mqema675jn3sa8cfh94jmhb83; thinkphp_show_page_trace=0|0',
)
[ info ] [ PARAM ] array (
)
[ info ] [ SESSION ] INIT array (
  'id' => '',
  'var_session_id' => '',
  'prefix' => 'think',
  'type' => '',
  'auto_start' => true,
)
[ info ] [ RUN ] app\index\controller\Download->download[ D:\myphp_www\PHPTutorial\WWW\pt5\application\index\controller\Download.php ]
[ info ] [ DB ] INIT mysql
[ info ] [ VIEW ] D:\myphp_www\PHPTutorial\WWW\pt5\public/../application/index\view\download\download.html [ array (
  0 => 'logmin',
  1 => 'logmax',
  2 => 'keywords',
  3 => 'selected',
  4 => 'arrylist',
  5 => 'PreLabels',
  6 => 'lbl_list',
) ]
[ info ] [ LOG ] INIT File
[ sql ] [ DB ] CONNECT:[ UseTime:0.002463s ] mysql:host=127.0.0.1;dbname=tp5;charset=utf8
[ sql ] [ SQL ] select id, filename, filetype, author, source, category, cate_dtl, description, uploadtime
								 from download
								where enable = 1 [ RunTime:0.000519s ]
[ sql ] [ SQL ] select id, name from label order by hot desc [ RunTime:0.000317s ]
---------------------------------------------------------------
[ 2018-10-20T16:20:39+08:00 ] 127.0.0.1 POST /index/download/ajaxSearchresbylabels
[ info ] www.pt5.com/index/download/ajaxSearchresbylabels [运行时间：0.049548s][吞吐率：20.18req/s] [内存消耗：1,910.30kb] [文件加载：49]
[ info ] [ LANG ] D:\myphp_www\PHPTutorial\WWW\pt5\thinkphp\lang\zh-cn.php
[ info ] [ ROUTE ] array (
  'type' => 'module',
  'module' => 
  array (
    0 => 'index',
    1 => 'download',
    2 => 'ajaxSearchresbylabels',
  ),
)
[ info ] [ HEADER ] array (
  'host' => 'www.pt5.com',
  'connection' => 'keep-alive',
  'content-length' => '88',
  'pragma' => 'no-cache',
  'cache-control' => 'no-cache',
  'accept' => 'application/json, text/javascript, */*; q=0.01',
  'origin' => 'http://www.pt5.com',
  'x-requested-with' => 'XMLHttpRequest',
  'user-agent' => 'Mozilla/5.0 (Windows NT 10.0; Win64; x64) AppleWebKit/537.36 (KHTML, like Gecko) Chrome/68.0.3440.106 Safari/537.36',
  'content-type' => 'application/x-www-form-urlencoded; charset=UTF-8',
  'referer' => 'http://www.pt5.com/index/download/download.html',
  'accept-encoding' => 'gzip, deflate',
  'accept-language' => 'zh-CN,zh;q=0.9,en;q=0.8',
  'cookie' => 'thinkphp_show_page_trace=0|0; PHPSESSID=7mqema675jn3sa8cfh94jmhb83; thinkphp_show_page_trace=0|0',
)
[ info ] [ PARAM ] array (
  'logmin' => '1900-01-01',
  'logmax' => '2018-10-20',
  'selected' => '%',
  'keywords' => '',
  'labels' => 
  array (
    0 => '3',
  ),
  'provSelect' => '%',
)
[ info ] [ SESSION ] INIT array (
  'id' => '',
  'var_session_id' => '',
  'prefix' => 'think',
  'type' => '',
  'auto_start' => true,
)
[ info ] [ RUN ] app\index\controller\Download->ajaxSearchResByLabels[ D:\myphp_www\PHPTutorial\WWW\pt5\application\index\controller\Download.php ]
[ info ] [ DB ] INIT mysql
[ info ] [ LOG ] INIT File
[ sql ] [ DB ] CONNECT:[ UseTime:0.002974s ] mysql:host=127.0.0.1;dbname=tp5;charset=utf8
[ sql ] [ SQL ] select id, name from label where id in (3) [ RunTime:0.000475s ]
[ sql ] [ SQL ] select res_id from res_label where label_id = 3 [ RunTime:0.000531s ]
[ sql ] [ SQL ] select id, filename, filetype, author, source, category, cate_dtl, description, uploadtime from download
				  where uploadtime >= '1900-01-01'
				    and uploadtime <= '2018-10-20'
				    and enable = 1 and (filename like '%%'
					 or source like '%%'
					 or author like '%%'
					 or uploader like '%%') and id in (133,134) [ RunTime:0.000550s ]
[ sql ] [ SQL ] select id, name from label order by hot desc [ RunTime:0.000351s ]
---------------------------------------------------------------
[ 2018-10-20T16:20:41+08:00 ] 127.0.0.1 GET /index/download/media/fileName/%E5%85%AD%E7%BA%A7%E5%86%99%E4%BD%9C%E2%80%94%E5%8D%81%E5%A4%A7%E5%BF%85%E8%83%8C%E8%8C%83%E6%96%87.pdf?fileName=1
[ info ] www.pt5.com/index/download/media/fileName/%E5%85%AD%E7%BA%A7%E5%86%99%E4%BD%9C%E2%80%94%E5%8D%81%E5%A4%A7%E5%BF%85%E8%83%8C%E8%8C%83%E6%96%87.pdf?fileName=1 [运行时间：0.079605s][吞吐率：12.56req/s] [内存消耗：1,724.36kb] [文件加载：47]
[ info ] [ LANG ] D:\myphp_www\PHPTutorial\WWW\pt5\thinkphp\lang\zh-cn.php
[ info ] [ ROUTE ] array (
  'type' => 'module',
  'module' => 
  array (
    0 => 'index',
    1 => 'download',
    2 => 'media',
  ),
)
[ info ] [ HEADER ] array (
  'host' => 'www.pt5.com',
  'connection' => 'keep-alive',
  'pragma' => 'no-cache',
  'cache-control' => 'no-cache',
  'accept' => '*/*',
  'x-requested-with' => 'XMLHttpRequest',
  'user-agent' => 'Mozilla/5.0 (Windows NT 10.0; Win64; x64) AppleWebKit/537.36 (KHTML, like Gecko) Chrome/68.0.3440.106 Safari/537.36',
  'referer' => 'http://www.pt5.com/index/download/download.html',
  'accept-encoding' => 'gzip, deflate',
  'accept-language' => 'zh-CN,zh;q=0.9,en;q=0.8',
  'cookie' => 'thinkphp_show_page_trace=0|0; thinkphp_show_page_trace=0|0; PHPSESSID=7mqema675jn3sa8cfh94jmhb83; thinkphp_show_page_trace=0|0',
)
[ info ] [ PARAM ] array (
  'fileName' => '六级写作—十大必背范文.pdf',
)
[ info ] [ SESSION ] INIT array (
  'id' => '',
  'var_session_id' => '',
  'prefix' => 'think',
  'type' => '',
  'auto_start' => true,
)
[ info ] [ RUN ] app\index\controller\Download->media[ D:\myphp_www\PHPTutorial\WWW\pt5\application\index\controller\Download.php ]
[ info ] [ VIEW ] D:\myphp_www\PHPTutorial\WWW\pt5\public/../application/index\view\download\media.html [ array (
  0 => 'fileName',
) ]
[ info ] [ LOG ] INIT File
---------------------------------------------------------------
[ 2018-10-20T16:20:41+08:00 ] 127.0.0.1 GET /index/download/media/fileName/%E5%85%AD%E7%BA%A7%E5%86%99%E4%BD%9C%E2%80%94%E5%8D%81%E5%A4%A7%E5%BF%85%E8%83%8C%E8%8C%83%E6%96%87.pdf
[ info ] www.pt5.com/index/download/media/fileName/%E5%85%AD%E7%BA%A7%E5%86%99%E4%BD%9C%E2%80%94%E5%8D%81%E5%A4%A7%E5%BF%85%E8%83%8C%E8%8C%83%E6%96%87.pdf [运行时间：0.087756s][吞吐率：11.40req/s] [内存消耗：1,776.98kb] [文件加载：49]
[ info ] [ LANG ] D:\myphp_www\PHPTutorial\WWW\pt5\thinkphp\lang\zh-cn.php
[ info ] [ ROUTE ] array (
  'type' => 'module',
  'module' => 
  array (
    0 => 'index',
    1 => 'download',
    2 => 'media',
  ),
)
[ info ] [ HEADER ] array (
  'host' => 'www.pt5.com',
  'connection' => 'keep-alive',
  'pragma' => 'no-cache',
  'cache-control' => 'no-cache',
  'upgrade-insecure-requests' => '1',
  'user-agent' => 'Mozilla/5.0 (Windows NT 10.0; Win64; x64) AppleWebKit/537.36 (KHTML, like Gecko) Chrome/68.0.3440.106 Safari/537.36',
  'accept' => 'text/html,application/xhtml+xml,application/xml;q=0.9,image/webp,image/apng,*/*;q=0.8',
  'referer' => 'http://www.pt5.com/index/download/download.html',
  'accept-encoding' => 'gzip, deflate',
  'accept-language' => 'zh-CN,zh;q=0.9,en;q=0.8',
  'cookie' => 'thinkphp_show_page_trace=0|0; thinkphp_show_page_trace=0|0; PHPSESSID=7mqema675jn3sa8cfh94jmhb83; thinkphp_show_page_trace=0|0',
)
[ info ] [ PARAM ] array (
  'fileName' => '六级写作—十大必背范文.pdf',
)
[ info ] [ SESSION ] INIT array (
  'id' => '',
  'var_session_id' => '',
  'prefix' => 'think',
  'type' => '',
  'auto_start' => true,
)
[ info ] [ RUN ] app\index\controller\Download->media[ D:\myphp_www\PHPTutorial\WWW\pt5\application\index\controller\Download.php ]
[ info ] [ VIEW ] D:\myphp_www\PHPTutorial\WWW\pt5\public/../application/index\view\download\media.html [ array (
  0 => 'fileName',
) ]
[ info ] [ LOG ] INIT File
---------------------------------------------------------------
[ 2018-10-20T16:22:38+08:00 ] 127.0.0.1 POST /index/download/ajaxSearchresbylabels
[ info ] www.pt5.com/index/download/ajaxSearchresbylabels [运行时间：0.052093s][吞吐率：19.20req/s] [内存消耗：1,910.20kb] [文件加载：49]
[ info ] [ LANG ] D:\myphp_www\PHPTutorial\WWW\pt5\thinkphp\lang\zh-cn.php
[ info ] [ ROUTE ] array (
  'type' => 'module',
  'module' => 
  array (
    0 => 'index',
    1 => 'download',
    2 => 'ajaxSearchresbylabels',
  ),
)
[ info ] [ HEADER ] array (
  'host' => 'www.pt5.com',
  'connection' => 'keep-alive',
  'content-length' => '133',
  'pragma' => 'no-cache',
  'cache-control' => 'no-cache',
  'accept' => 'application/json, text/javascript, */*; q=0.01',
  'origin' => 'http://www.pt5.com',
  'x-requested-with' => 'XMLHttpRequest',
  'user-agent' => 'Mozilla/5.0 (Windows NT 10.0; Win64; x64) AppleWebKit/537.36 (KHTML, like Gecko) Chrome/68.0.3440.106 Safari/537.36',
  'content-type' => 'application/x-www-form-urlencoded; charset=UTF-8',
  'referer' => 'http://www.pt5.com/index/download/download.html',
  'accept-encoding' => 'gzip, deflate',
  'accept-language' => 'zh-CN,zh;q=0.9,en;q=0.8',
  'cookie' => 'thinkphp_show_page_trace=0|0; PHPSESSID=7mqema675jn3sa8cfh94jmhb83; thinkphp_show_page_trace=0|0',
)
[ info ] [ PARAM ] array (
  'logmin' => '1900-01-01',
  'logmax' => '2018-10-20',
  'selected' => '%',
  'keywords' => '',
  'labels' => 
  array (
    0 => '2',
    1 => '1',
    2 => '3',
    3 => '4',
  ),
  'provSelect' => '%',
)
[ info ] [ SESSION ] INIT array (
  'id' => '',
  'var_session_id' => '',
  'prefix' => 'think',
  'type' => '',
  'auto_start' => true,
)
[ info ] [ RUN ] app\index\controller\Download->ajaxSearchResByLabels[ D:\myphp_www\PHPTutorial\WWW\pt5\application\index\controller\Download.php ]
[ info ] [ DB ] INIT mysql
[ info ] [ LOG ] INIT File
[ sql ] [ DB ] CONNECT:[ UseTime:0.003242s ] mysql:host=127.0.0.1;dbname=tp5;charset=utf8
[ sql ] [ SQL ] select id, name from label where id in (2,1,3,4) [ RunTime:0.000477s ]
[ sql ] [ SQL ] select res_id from res_label where label_id = 2 [ RunTime:0.000310s ]
[ sql ] [ SQL ] select res_id from res_label where label_id = 1 [ RunTime:0.000280s ]
[ sql ] [ SQL ] select res_id from res_label where label_id = 3 [ RunTime:0.000270s ]
[ sql ] [ SQL ] select res_id from res_label where label_id = 4 [ RunTime:0.000281s ]
[ sql ] [ SQL ] select id, name from label order by hot desc [ RunTime:0.000340s ]
---------------------------------------------------------------
[ 2018-10-20T16:22:52+08:00 ] 127.0.0.1 POST /index/download/ajaxSearchresbylabels
[ info ] www.pt5.com/index/download/ajaxSearchresbylabels [运行时间：0.048722s][吞吐率：20.52req/s] [内存消耗：1,910.23kb] [文件加载：49]
[ info ] [ LANG ] D:\myphp_www\PHPTutorial\WWW\pt5\thinkphp\lang\zh-cn.php
[ info ] [ ROUTE ] array (
  'type' => 'module',
  'module' => 
  array (
    0 => 'index',
    1 => 'download',
    2 => 'ajaxSearchresbylabels',
  ),
)
[ info ] [ HEADER ] array (
  'host' => 'www.pt5.com',
  'connection' => 'keep-alive',
  'content-length' => '88',
  'pragma' => 'no-cache',
  'cache-control' => 'no-cache',
  'accept' => 'application/json, text/javascript, */*; q=0.01',
  'origin' => 'http://www.pt5.com',
  'x-requested-with' => 'XMLHttpRequest',
  'user-agent' => 'Mozilla/5.0 (Windows NT 10.0; Win64; x64) AppleWebKit/537.36 (KHTML, like Gecko) Chrome/68.0.3440.106 Safari/537.36',
  'content-type' => 'application/x-www-form-urlencoded; charset=UTF-8',
  'referer' => 'http://www.pt5.com/index/download/download.html',
  'accept-encoding' => 'gzip, deflate',
  'accept-language' => 'zh-CN,zh;q=0.9,en;q=0.8',
  'cookie' => 'thinkphp_show_page_trace=0|0; PHPSESSID=7mqema675jn3sa8cfh94jmhb83; thinkphp_show_page_trace=0|0',
)
[ info ] [ PARAM ] array (
  'logmin' => '1900-01-01',
  'logmax' => '2018-10-20',
  'selected' => '%',
  'keywords' => '',
  'labels' => 
  array (
    0 => '1',
  ),
  'provSelect' => '%',
)
[ info ] [ SESSION ] INIT array (
  'id' => '',
  'var_session_id' => '',
  'prefix' => 'think',
  'type' => '',
  'auto_start' => true,
)
[ info ] [ RUN ] app\index\controller\Download->ajaxSearchResByLabels[ D:\myphp_www\PHPTutorial\WWW\pt5\application\index\controller\Download.php ]
[ info ] [ DB ] INIT mysql
[ info ] [ LOG ] INIT File
[ sql ] [ DB ] CONNECT:[ UseTime:0.002372s ] mysql:host=127.0.0.1;dbname=tp5;charset=utf8
[ sql ] [ SQL ] select id, name from label where id in (1) [ RunTime:0.000338s ]
[ sql ] [ SQL ] select res_id from res_label where label_id = 1 [ RunTime:0.000302s ]
[ sql ] [ SQL ] select id, filename, filetype, author, source, category, cate_dtl, description, uploadtime from download
				  where uploadtime >= '1900-01-01'
				    and uploadtime <= '2018-10-20'
				    and enable = 1 and (filename like '%%'
					 or source like '%%'
					 or author like '%%'
					 or uploader like '%%') and id in (132) [ RunTime:0.000403s ]
[ sql ] [ SQL ] select id, name from label order by hot desc [ RunTime:0.000321s ]
---------------------------------------------------------------
[ 2018-10-20T16:22:58+08:00 ] 127.0.0.1 POST /index/download/ajaxSearchresbylabels
[ info ] www.pt5.com/index/download/ajaxSearchresbylabels [运行时间：0.049462s][吞吐率：20.22req/s] [内存消耗：1,910.30kb] [文件加载：49]
[ info ] [ LANG ] D:\myphp_www\PHPTutorial\WWW\pt5\thinkphp\lang\zh-cn.php
[ info ] [ ROUTE ] array (
  'type' => 'module',
  'module' => 
  array (
    0 => 'index',
    1 => 'download',
    2 => 'ajaxSearchresbylabels',
  ),
)
[ info ] [ HEADER ] array (
  'host' => 'www.pt5.com',
  'connection' => 'keep-alive',
  'content-length' => '88',
  'pragma' => 'no-cache',
  'cache-control' => 'no-cache',
  'accept' => 'application/json, text/javascript, */*; q=0.01',
  'origin' => 'http://www.pt5.com',
  'x-requested-with' => 'XMLHttpRequest',
  'user-agent' => 'Mozilla/5.0 (Windows NT 10.0; Win64; x64) AppleWebKit/537.36 (KHTML, like Gecko) Chrome/68.0.3440.106 Safari/537.36',
  'content-type' => 'application/x-www-form-urlencoded; charset=UTF-8',
  'referer' => 'http://www.pt5.com/index/download/download.html',
  'accept-encoding' => 'gzip, deflate',
  'accept-language' => 'zh-CN,zh;q=0.9,en;q=0.8',
  'cookie' => 'thinkphp_show_page_trace=0|0; PHPSESSID=7mqema675jn3sa8cfh94jmhb83; thinkphp_show_page_trace=0|0',
)
[ info ] [ PARAM ] array (
  'logmin' => '1900-01-01',
  'logmax' => '2018-10-20',
  'selected' => '%',
  'keywords' => '',
  'labels' => 
  array (
    0 => '3',
  ),
  'provSelect' => '%',
)
[ info ] [ SESSION ] INIT array (
  'id' => '',
  'var_session_id' => '',
  'prefix' => 'think',
  'type' => '',
  'auto_start' => true,
)
[ info ] [ RUN ] app\index\controller\Download->ajaxSearchResByLabels[ D:\myphp_www\PHPTutorial\WWW\pt5\application\index\controller\Download.php ]
[ info ] [ DB ] INIT mysql
[ info ] [ LOG ] INIT File
[ sql ] [ DB ] CONNECT:[ UseTime:0.002301s ] mysql:host=127.0.0.1;dbname=tp5;charset=utf8
[ sql ] [ SQL ] select id, name from label where id in (3) [ RunTime:0.000377s ]
[ sql ] [ SQL ] select res_id from res_label where label_id = 3 [ RunTime:0.000325s ]
[ sql ] [ SQL ] select id, filename, filetype, author, source, category, cate_dtl, description, uploadtime from download
				  where uploadtime >= '1900-01-01'
				    and uploadtime <= '2018-10-20'
				    and enable = 1 and (filename like '%%'
					 or source like '%%'
					 or author like '%%'
					 or uploader like '%%') and id in (133,134) [ RunTime:0.000480s ]
[ sql ] [ SQL ] select id, name from label order by hot desc [ RunTime:0.000346s ]
---------------------------------------------------------------
[ 2018-10-20T16:42:31+08:00 ] 127.0.0.1 GET /index/index/index.html
[ info ] www.pt5.com/index/index/index.html [运行时间：0.074491s][吞吐率：13.42req/s] [内存消耗：1,951.60kb] [文件加载：52]
[ info ] [ LANG ] D:\myphp_www\PHPTutorial\WWW\pt5\thinkphp\lang\zh-cn.php
[ info ] [ ROUTE ] array (
  'type' => 'module',
  'module' => 
  array (
    0 => 'index',
    1 => 'index',
    2 => 'index',
  ),
)
[ info ] [ HEADER ] array (
  'host' => 'www.pt5.com',
  'connection' => 'keep-alive',
  'upgrade-insecure-requests' => '1',
  'user-agent' => 'Mozilla/5.0 (Windows NT 10.0; Win64; x64) AppleWebKit/537.36 (KHTML, like Gecko) Chrome/68.0.3440.106 Safari/537.36',
  'accept' => 'text/html,application/xhtml+xml,application/xml;q=0.9,image/webp,image/apng,*/*;q=0.8',
  'referer' => 'http://www.pt5.com/index/download/download.html',
  'accept-encoding' => 'gzip, deflate',
  'accept-language' => 'zh-CN,zh;q=0.9,en;q=0.8',
  'cookie' => 'thinkphp_show_page_trace=0|0; PHPSESSID=7mqema675jn3sa8cfh94jmhb83; thinkphp_show_page_trace=0|0',
)
[ info ] [ PARAM ] array (
)
[ info ] [ SESSION ] INIT array (
  'id' => '',
  'var_session_id' => '',
  'prefix' => 'think',
  'type' => '',
  'auto_start' => true,
)
[ info ] [ RUN ] app\index\controller\Index->index[ D:\myphp_www\PHPTutorial\WWW\pt5\application\index\controller\Index.php ]
[ info ] [ DB ] INIT mysql
[ info ] [ VIEW ] D:\myphp_www\PHPTutorial\WWW\pt5\public/../application/index\view\index\index.html [ array (
  0 => 'list',
) ]
[ info ] [ LOG ] INIT File
[ sql ] [ DB ] CONNECT:[ UseTime:0.002416s ] mysql:host=127.0.0.1;dbname=tp5;charset=utf8
[ sql ] [ SQL ] select title, content, updatetime from news order by updatetime desc LIMIT 3 [ RunTime:0.000398s ]
---------------------------------------------------------------
[ 2018-10-20T16:42:33+08:00 ] 127.0.0.1 GET /index/member/member.html
[ info ] www.pt5.com/index/member/member.html [运行时间：0.049507s][吞吐率：20.20req/s] [内存消耗：1,785.57kb] [文件加载：50]
[ info ] [ LANG ] D:\myphp_www\PHPTutorial\WWW\pt5\thinkphp\lang\zh-cn.php
[ info ] [ ROUTE ] array (
  'type' => 'module',
  'module' => 
  array (
    0 => 'index',
    1 => 'member',
    2 => 'member',
  ),
)
[ info ] [ HEADER ] array (
  'host' => 'www.pt5.com',
  'connection' => 'keep-alive',
  'upgrade-insecure-requests' => '1',
  'user-agent' => 'Mozilla/5.0 (Windows NT 10.0; Win64; x64) AppleWebKit/537.36 (KHTML, like Gecko) Chrome/68.0.3440.106 Safari/537.36',
  'accept' => 'text/html,application/xhtml+xml,application/xml;q=0.9,image/webp,image/apng,*/*;q=0.8',
  'referer' => 'http://www.pt5.com/index/index/index.html',
  'accept-encoding' => 'gzip, deflate',
  'accept-language' => 'zh-CN,zh;q=0.9,en;q=0.8',
  'cookie' => 'thinkphp_show_page_trace=0|0; PHPSESSID=7mqema675jn3sa8cfh94jmhb83; thinkphp_show_page_trace=0|0',
)
[ info ] [ PARAM ] array (
)
[ info ] [ SESSION ] INIT array (
  'id' => '',
  'var_session_id' => '',
  'prefix' => 'think',
  'type' => '',
  'auto_start' => true,
)
[ info ] [ RUN ] app\index\controller\Member->member[ D:\myphp_www\PHPTutorial\WWW\pt5\application\index\controller\Member.php ]
[ info ] [ VIEW ] D:\myphp_www\PHPTutorial\WWW\pt5\public/../application/index\view\member\member.html [ array (
) ]
[ info ] [ LOG ] INIT File
---------------------------------------------------------------
[ 2018-10-20T16:42:34+08:00 ] 127.0.0.1 GET /index/production/production.html
[ info ] www.pt5.com/index/production/production.html [运行时间：0.046205s][吞吐率：21.64req/s] [内存消耗：1,797.75kb] [文件加载：50]
[ info ] [ LANG ] D:\myphp_www\PHPTutorial\WWW\pt5\thinkphp\lang\zh-cn.php
[ info ] [ ROUTE ] array (
  'type' => 'module',
  'module' => 
  array (
    0 => 'index',
    1 => 'production',
    2 => 'production',
  ),
)
[ info ] [ HEADER ] array (
  'host' => 'www.pt5.com',
  'connection' => 'keep-alive',
  'upgrade-insecure-requests' => '1',
  'user-agent' => 'Mozilla/5.0 (Windows NT 10.0; Win64; x64) AppleWebKit/537.36 (KHTML, like Gecko) Chrome/68.0.3440.106 Safari/537.36',
  'accept' => 'text/html,application/xhtml+xml,application/xml;q=0.9,image/webp,image/apng,*/*;q=0.8',
  'referer' => 'http://www.pt5.com/index/member/member.html',
  'accept-encoding' => 'gzip, deflate',
  'accept-language' => 'zh-CN,zh;q=0.9,en;q=0.8',
  'cookie' => 'thinkphp_show_page_trace=0|0; PHPSESSID=7mqema675jn3sa8cfh94jmhb83; thinkphp_show_page_trace=0|0',
)
[ info ] [ PARAM ] array (
)
[ info ] [ SESSION ] INIT array (
  'id' => '',
  'var_session_id' => '',
  'prefix' => 'think',
  'type' => '',
  'auto_start' => true,
)
[ info ] [ RUN ] app\index\controller\Production->Production[ D:\myphp_www\PHPTutorial\WWW\pt5\application\index\controller\Production.php ]
[ info ] [ VIEW ] D:\myphp_www\PHPTutorial\WWW\pt5\public/../application/index\view\production\production.html [ array (
) ]
[ info ] [ LOG ] INIT File
---------------------------------------------------------------
[ 2018-10-20T16:42:37+08:00 ] 127.0.0.1 GET /index/task/task.html
[ info ] www.pt5.com/index/task/task.html [运行时间：0.062784s][吞吐率：15.93req/s] [内存消耗：1,993.17kb] [文件加载：52]
[ info ] [ LANG ] D:\myphp_www\PHPTutorial\WWW\pt5\thinkphp\lang\zh-cn.php
[ info ] [ ROUTE ] array (
  'type' => 'module',
  'module' => 
  array (
    0 => 'index',
    1 => 'task',
    2 => 'task',
  ),
)
[ info ] [ HEADER ] array (
  'host' => 'www.pt5.com',
  'connection' => 'keep-alive',
  'upgrade-insecure-requests' => '1',
  'user-agent' => 'Mozilla/5.0 (Windows NT 10.0; Win64; x64) AppleWebKit/537.36 (KHTML, like Gecko) Chrome/68.0.3440.106 Safari/537.36',
  'accept' => 'text/html,application/xhtml+xml,application/xml;q=0.9,image/webp,image/apng,*/*;q=0.8',
  'referer' => 'http://www.pt5.com/index/production/production.html',
  'accept-encoding' => 'gzip, deflate',
  'accept-language' => 'zh-CN,zh;q=0.9,en;q=0.8',
  'cookie' => 'thinkphp_show_page_trace=0|0; PHPSESSID=7mqema675jn3sa8cfh94jmhb83; thinkphp_show_page_trace=0|0',
)
[ info ] [ PARAM ] array (
)
[ info ] [ SESSION ] INIT array (
  'id' => '',
  'var_session_id' => '',
  'prefix' => 'think',
  'type' => '',
  'auto_start' => true,
)
[ info ] [ RUN ] app\index\controller\Task->task[ D:\myphp_www\PHPTutorial\WWW\pt5\application\index\controller\Task.php ]
[ info ] [ DB ] INIT mysql
[ info ] [ VIEW ] D:\myphp_www\PHPTutorial\WWW\pt5\public/../application/index\view\task\task.html [ array (
  0 => 'arrylist',
) ]
[ info ] [ LOG ] INIT File
[ sql ] [ DB ] CONNECT:[ UseTime:0.002351s ] mysql:host=127.0.0.1;dbname=tp5;charset=utf8
[ sql ] [ SQL ] select t1.id, t1.title, t1.desc, t1.ctime, t1.state, t1.updater_id, t1.updatetime,
								  (select t2.name from user as t2 where t1.creator_id = t2.id) as creator,
								  (select t3.filename from download as t3 where t1.resource_id = t3.id) as resource
							 from task as t1
							where enable = 1 [ RunTime:0.001968s ]
---------------------------------------------------------------
[ 2018-10-20T16:42:38+08:00 ] 127.0.0.1 GET /index/download/download.html
[ info ] www.pt5.com/index/download/download.html [运行时间：0.069167s][吞吐率：14.46req/s] [内存消耗：2,089.79kb] [文件加载：52]
[ info ] [ LANG ] D:\myphp_www\PHPTutorial\WWW\pt5\thinkphp\lang\zh-cn.php
[ info ] [ ROUTE ] array (
  'type' => 'module',
  'module' => 
  array (
    0 => 'index',
    1 => 'download',
    2 => 'download',
  ),
)
[ info ] [ HEADER ] array (
  'host' => 'www.pt5.com',
  'connection' => 'keep-alive',
  'upgrade-insecure-requests' => '1',
  'user-agent' => 'Mozilla/5.0 (Windows NT 10.0; Win64; x64) AppleWebKit/537.36 (KHTML, like Gecko) Chrome/68.0.3440.106 Safari/537.36',
  'accept' => 'text/html,application/xhtml+xml,application/xml;q=0.9,image/webp,image/apng,*/*;q=0.8',
  'referer' => 'http://www.pt5.com/index/task/task.html',
  'accept-encoding' => 'gzip, deflate',
  'accept-language' => 'zh-CN,zh;q=0.9,en;q=0.8',
  'cookie' => 'thinkphp_show_page_trace=0|0; PHPSESSID=7mqema675jn3sa8cfh94jmhb83; thinkphp_show_page_trace=0|0',
)
[ info ] [ PARAM ] array (
)
[ info ] [ SESSION ] INIT array (
  'id' => '',
  'var_session_id' => '',
  'prefix' => 'think',
  'type' => '',
  'auto_start' => true,
)
[ info ] [ RUN ] app\index\controller\Download->download[ D:\myphp_www\PHPTutorial\WWW\pt5\application\index\controller\Download.php ]
[ info ] [ DB ] INIT mysql
[ info ] [ VIEW ] D:\myphp_www\PHPTutorial\WWW\pt5\public/../application/index\view\download\download.html [ array (
  0 => 'logmin',
  1 => 'logmax',
  2 => 'keywords',
  3 => 'selected',
  4 => 'arrylist',
  5 => 'PreLabels',
  6 => 'lbl_list',
) ]
[ info ] [ LOG ] INIT File
[ sql ] [ DB ] CONNECT:[ UseTime:0.003186s ] mysql:host=127.0.0.1;dbname=tp5;charset=utf8
[ sql ] [ SQL ] select id, filename, filetype, author, source, category, cate_dtl, description, uploadtime
								 from download
								where enable = 1 [ RunTime:0.000617s ]
[ sql ] [ SQL ] select id, name from label order by hot desc [ RunTime:0.000455s ]
---------------------------------------------------------------
[ 2018-10-20T16:42:41+08:00 ] 127.0.0.1 POST /index/download/ajaxSearchresbylabels
[ info ] www.pt5.com/index/download/ajaxSearchresbylabels [运行时间：0.038959s][吞吐率：25.67req/s] [内存消耗：1,910.52kb] [文件加载：49]
[ info ] [ LANG ] D:\myphp_www\PHPTutorial\WWW\pt5\thinkphp\lang\zh-cn.php
[ info ] [ ROUTE ] array (
  'type' => 'module',
  'module' => 
  array (
    0 => 'index',
    1 => 'download',
    2 => 'ajaxSearchresbylabels',
  ),
)
[ info ] [ HEADER ] array (
  'host' => 'www.pt5.com',
  'connection' => 'keep-alive',
  'content-length' => '73',
  'accept' => 'application/json, text/javascript, */*; q=0.01',
  'origin' => 'http://www.pt5.com',
  'x-requested-with' => 'XMLHttpRequest',
  'user-agent' => 'Mozilla/5.0 (Windows NT 10.0; Win64; x64) AppleWebKit/537.36 (KHTML, like Gecko) Chrome/68.0.3440.106 Safari/537.36',
  'content-type' => 'application/x-www-form-urlencoded; charset=UTF-8',
  'referer' => 'http://www.pt5.com/index/download/download.html',
  'accept-encoding' => 'gzip, deflate',
  'accept-language' => 'zh-CN,zh;q=0.9,en;q=0.8',
  'cookie' => 'thinkphp_show_page_trace=0|0; PHPSESSID=7mqema675jn3sa8cfh94jmhb83; thinkphp_show_page_trace=0|0',
)
[ info ] [ PARAM ] array (
  'logmin' => '1900-01-01',
  'logmax' => '2018-10-20',
  'selected' => '%',
  'keywords' => '',
  'provSelect' => '%',
)
[ info ] [ SESSION ] INIT array (
  'id' => '',
  'var_session_id' => '',
  'prefix' => 'think',
  'type' => '',
  'auto_start' => true,
)
[ info ] [ RUN ] app\index\controller\Download->ajaxSearchResByLabels[ D:\myphp_www\PHPTutorial\WWW\pt5\application\index\controller\Download.php ]
[ info ] [ DB ] INIT mysql
[ info ] [ LOG ] INIT File
[ sql ] [ DB ] CONNECT:[ UseTime:0.002344s ] mysql:host=127.0.0.1;dbname=tp5;charset=utf8
[ sql ] [ SQL ] select id, filename, filetype, author, source, category, cate_dtl, description, uploadtime from download
				  where uploadtime >= '1900-01-01'
				    and uploadtime <= '2018-10-20'
				    and enable = 1 and (filename like '%%'
					 or source like '%%'
					 or author like '%%'
					 or uploader like '%%') [ RunTime:0.000649s ]
[ sql ] [ SQL ] select id, name from label order by hot desc [ RunTime:0.000375s ]
---------------------------------------------------------------
[ 2018-10-20T16:42:44+08:00 ] 127.0.0.1 POST /index/download/ajaxSearchresbylabels
[ info ] www.pt5.com/index/download/ajaxSearchresbylabels [运行时间：0.044069s][吞吐率：22.69req/s] [内存消耗：1,909.88kb] [文件加载：49]
[ info ] [ LANG ] D:\myphp_www\PHPTutorial\WWW\pt5\thinkphp\lang\zh-cn.php
[ info ] [ ROUTE ] array (
  'type' => 'module',
  'module' => 
  array (
    0 => 'index',
    1 => 'download',
    2 => 'ajaxSearchresbylabels',
  ),
)
[ info ] [ HEADER ] array (
  'host' => 'www.pt5.com',
  'connection' => 'keep-alive',
  'content-length' => '88',
  'accept' => 'application/json, text/javascript, */*; q=0.01',
  'origin' => 'http://www.pt5.com',
  'x-requested-with' => 'XMLHttpRequest',
  'user-agent' => 'Mozilla/5.0 (Windows NT 10.0; Win64; x64) AppleWebKit/537.36 (KHTML, like Gecko) Chrome/68.0.3440.106 Safari/537.36',
  'content-type' => 'application/x-www-form-urlencoded; charset=UTF-8',
  'referer' => 'http://www.pt5.com/index/download/download.html',
  'accept-encoding' => 'gzip, deflate',
  'accept-language' => 'zh-CN,zh;q=0.9,en;q=0.8',
  'cookie' => 'thinkphp_show_page_trace=0|0; PHPSESSID=7mqema675jn3sa8cfh94jmhb83; thinkphp_show_page_trace=0|0',
)
[ info ] [ PARAM ] array (
  'logmin' => '1900-01-01',
  'logmax' => '2018-10-20',
  'selected' => '%',
  'keywords' => '',
  'labels' => 
  array (
    0 => '2',
  ),
  'provSelect' => '%',
)
[ info ] [ SESSION ] INIT array (
  'id' => '',
  'var_session_id' => '',
  'prefix' => 'think',
  'type' => '',
  'auto_start' => true,
)
[ info ] [ RUN ] app\index\controller\Download->ajaxSearchResByLabels[ D:\myphp_www\PHPTutorial\WWW\pt5\application\index\controller\Download.php ]
[ info ] [ DB ] INIT mysql
[ info ] [ LOG ] INIT File
[ sql ] [ DB ] CONNECT:[ UseTime:0.002381s ] mysql:host=127.0.0.1;dbname=tp5;charset=utf8
[ sql ] [ SQL ] select id, name from label where id in (2) [ RunTime:0.000419s ]
[ sql ] [ SQL ] select res_id from res_label where label_id = 2 [ RunTime:0.000355s ]
[ sql ] [ SQL ] select id, filename, filetype, author, source, category, cate_dtl, description, uploadtime from download
				  where uploadtime >= '1900-01-01'
				    and uploadtime <= '2018-10-20'
				    and enable = 1 and (filename like '%%'
					 or source like '%%'
					 or author like '%%'
					 or uploader like '%%') and id in (132,133,134) [ RunTime:0.000528s ]
[ sql ] [ SQL ] select id, name from label order by hot desc [ RunTime:0.000392s ]
---------------------------------------------------------------
[ 2018-10-20T16:42:47+08:00 ] 127.0.0.1 POST /index/download/ajaxSearchresbylabels
[ info ] www.pt5.com/index/download/ajaxSearchresbylabels [运行时间：0.048388s][吞吐率：20.67req/s] [内存消耗：1,910.24kb] [文件加载：49]
[ info ] [ LANG ] D:\myphp_www\PHPTutorial\WWW\pt5\thinkphp\lang\zh-cn.php
[ info ] [ ROUTE ] array (
  'type' => 'module',
  'module' => 
  array (
    0 => 'index',
    1 => 'download',
    2 => 'ajaxSearchresbylabels',
  ),
)
[ info ] [ HEADER ] array (
  'host' => 'www.pt5.com',
  'connection' => 'keep-alive',
  'content-length' => '103',
  'accept' => 'application/json, text/javascript, */*; q=0.01',
  'origin' => 'http://www.pt5.com',
  'x-requested-with' => 'XMLHttpRequest',
  'user-agent' => 'Mozilla/5.0 (Windows NT 10.0; Win64; x64) AppleWebKit/537.36 (KHTML, like Gecko) Chrome/68.0.3440.106 Safari/537.36',
  'content-type' => 'application/x-www-form-urlencoded; charset=UTF-8',
  'referer' => 'http://www.pt5.com/index/download/download.html',
  'accept-encoding' => 'gzip, deflate',
  'accept-language' => 'zh-CN,zh;q=0.9,en;q=0.8',
  'cookie' => 'thinkphp_show_page_trace=0|0; PHPSESSID=7mqema675jn3sa8cfh94jmhb83; thinkphp_show_page_trace=0|0',
)
[ info ] [ PARAM ] array (
  'logmin' => '1900-01-01',
  'logmax' => '2018-10-20',
  'selected' => '%',
  'keywords' => '',
  'labels' => 
  array (
    0 => '2',
    1 => '1',
  ),
  'provSelect' => '%',
)
[ info ] [ SESSION ] INIT array (
  'id' => '',
  'var_session_id' => '',
  'prefix' => 'think',
  'type' => '',
  'auto_start' => true,
)
[ info ] [ RUN ] app\index\controller\Download->ajaxSearchResByLabels[ D:\myphp_www\PHPTutorial\WWW\pt5\application\index\controller\Download.php ]
[ info ] [ DB ] INIT mysql
[ info ] [ LOG ] INIT File
[ sql ] [ DB ] CONNECT:[ UseTime:0.003421s ] mysql:host=127.0.0.1;dbname=tp5;charset=utf8
[ sql ] [ SQL ] select id, name from label where id in (2,1) [ RunTime:0.000449s ]
[ sql ] [ SQL ] select res_id from res_label where label_id = 2 [ RunTime:0.000363s ]
[ sql ] [ SQL ] select res_id from res_label where label_id = 1 [ RunTime:0.000369s ]
[ sql ] [ SQL ] select id, filename, filetype, author, source, category, cate_dtl, description, uploadtime from download
				  where uploadtime >= '1900-01-01'
				    and uploadtime <= '2018-10-20'
				    and enable = 1 and (filename like '%%'
					 or source like '%%'
					 or author like '%%'
					 or uploader like '%%') and id in (132) [ RunTime:0.000503s ]
[ sql ] [ SQL ] select id, name from label order by hot desc [ RunTime:0.000409s ]
---------------------------------------------------------------
[ 2018-10-20T16:42:51+08:00 ] 127.0.0.1 POST /index/download/ajaxSearchresbylabels
[ info ] www.pt5.com/index/download/ajaxSearchresbylabels [运行时间：0.051413s][吞吐率：19.45req/s] [内存消耗：1,909.88kb] [文件加载：49]
[ info ] [ LANG ] D:\myphp_www\PHPTutorial\WWW\pt5\thinkphp\lang\zh-cn.php
[ info ] [ ROUTE ] array (
  'type' => 'module',
  'module' => 
  array (
    0 => 'index',
    1 => 'download',
    2 => 'ajaxSearchresbylabels',
  ),
)
[ info ] [ HEADER ] array (
  'host' => 'www.pt5.com',
  'connection' => 'keep-alive',
  'content-length' => '88',
  'accept' => 'application/json, text/javascript, */*; q=0.01',
  'origin' => 'http://www.pt5.com',
  'x-requested-with' => 'XMLHttpRequest',
  'user-agent' => 'Mozilla/5.0 (Windows NT 10.0; Win64; x64) AppleWebKit/537.36 (KHTML, like Gecko) Chrome/68.0.3440.106 Safari/537.36',
  'content-type' => 'application/x-www-form-urlencoded; charset=UTF-8',
  'referer' => 'http://www.pt5.com/index/download/download.html',
  'accept-encoding' => 'gzip, deflate',
  'accept-language' => 'zh-CN,zh;q=0.9,en;q=0.8',
  'cookie' => 'thinkphp_show_page_trace=0|0; PHPSESSID=7mqema675jn3sa8cfh94jmhb83; thinkphp_show_page_trace=0|0',
)
[ info ] [ PARAM ] array (
  'logmin' => '1900-01-01',
  'logmax' => '2018-10-20',
  'selected' => '%',
  'keywords' => '',
  'labels' => 
  array (
    0 => '1',
  ),
  'provSelect' => '%',
)
[ info ] [ SESSION ] INIT array (
  'id' => '',
  'var_session_id' => '',
  'prefix' => 'think',
  'type' => '',
  'auto_start' => true,
)
[ info ] [ RUN ] app\index\controller\Download->ajaxSearchResByLabels[ D:\myphp_www\PHPTutorial\WWW\pt5\application\index\controller\Download.php ]
[ info ] [ DB ] INIT mysql
[ info ] [ LOG ] INIT File
[ sql ] [ DB ] CONNECT:[ UseTime:0.002329s ] mysql:host=127.0.0.1;dbname=tp5;charset=utf8
[ sql ] [ SQL ] select id, name from label where id in (1) [ RunTime:0.000401s ]
[ sql ] [ SQL ] select res_id from res_label where label_id = 1 [ RunTime:0.000319s ]
[ sql ] [ SQL ] select id, filename, filetype, author, source, category, cate_dtl, description, uploadtime from download
				  where uploadtime >= '1900-01-01'
				    and uploadtime <= '2018-10-20'
				    and enable = 1 and (filename like '%%'
					 or source like '%%'
					 or author like '%%'
					 or uploader like '%%') and id in (132) [ RunTime:0.000472s ]
[ sql ] [ SQL ] select id, name from label order by hot desc [ RunTime:0.000394s ]
---------------------------------------------------------------
[ 2018-10-20T16:42:54+08:00 ] 127.0.0.1 POST /index/download/ajaxSearchresbylabels
[ info ] www.pt5.com/index/download/ajaxSearchresbylabels [运行时间：0.042491s][吞吐率：23.53req/s] [内存消耗：1,909.88kb] [文件加载：49]
[ info ] [ LANG ] D:\myphp_www\PHPTutorial\WWW\pt5\thinkphp\lang\zh-cn.php
[ info ] [ ROUTE ] array (
  'type' => 'module',
  'module' => 
  array (
    0 => 'index',
    1 => 'download',
    2 => 'ajaxSearchresbylabels',
  ),
)
[ info ] [ HEADER ] array (
  'host' => 'www.pt5.com',
  'connection' => 'keep-alive',
  'content-length' => '88',
  'accept' => 'application/json, text/javascript, */*; q=0.01',
  'origin' => 'http://www.pt5.com',
  'x-requested-with' => 'XMLHttpRequest',
  'user-agent' => 'Mozilla/5.0 (Windows NT 10.0; Win64; x64) AppleWebKit/537.36 (KHTML, like Gecko) Chrome/68.0.3440.106 Safari/537.36',
  'content-type' => 'application/x-www-form-urlencoded; charset=UTF-8',
  'referer' => 'http://www.pt5.com/index/download/download.html',
  'accept-encoding' => 'gzip, deflate',
  'accept-language' => 'zh-CN,zh;q=0.9,en;q=0.8',
  'cookie' => 'thinkphp_show_page_trace=0|0; PHPSESSID=7mqema675jn3sa8cfh94jmhb83; thinkphp_show_page_trace=0|0',
)
[ info ] [ PARAM ] array (
  'logmin' => '1900-01-01',
  'logmax' => '2018-10-20',
  'selected' => '%',
  'keywords' => '',
  'labels' => 
  array (
    0 => '2',
  ),
  'provSelect' => '%',
)
[ info ] [ SESSION ] INIT array (
  'id' => '',
  'var_session_id' => '',
  'prefix' => 'think',
  'type' => '',
  'auto_start' => true,
)
[ info ] [ RUN ] app\index\controller\Download->ajaxSearchResByLabels[ D:\myphp_www\PHPTutorial\WWW\pt5\application\index\controller\Download.php ]
[ info ] [ DB ] INIT mysql
[ info ] [ LOG ] INIT File
[ sql ] [ DB ] CONNECT:[ UseTime:0.002616s ] mysql:host=127.0.0.1;dbname=tp5;charset=utf8
[ sql ] [ SQL ] select id, name from label where id in (2) [ RunTime:0.000368s ]
[ sql ] [ SQL ] select res_id from res_label where label_id = 2 [ RunTime:0.000293s ]
[ sql ] [ SQL ] select id, filename, filetype, author, source, category, cate_dtl, description, uploadtime from download
				  where uploadtime >= '1900-01-01'
				    and uploadtime <= '2018-10-20'
				    and enable = 1 and (filename like '%%'
					 or source like '%%'
					 or author like '%%'
					 or uploader like '%%') and id in (132,133,134) [ RunTime:0.000537s ]
[ sql ] [ SQL ] select id, name from label order by hot desc [ RunTime:0.000306s ]
---------------------------------------------------------------
[ 2018-10-20T16:42:59+08:00 ] 127.0.0.1 POST /index/download/ajaxSearchresbylabels
[ info ] www.pt5.com/index/download/ajaxSearchresbylabels [运行时间：0.045147s][吞吐率：22.15req/s] [内存消耗：1,909.87kb] [文件加载：49]
[ info ] [ LANG ] D:\myphp_www\PHPTutorial\WWW\pt5\thinkphp\lang\zh-cn.php
[ info ] [ ROUTE ] array (
  'type' => 'module',
  'module' => 
  array (
    0 => 'index',
    1 => 'download',
    2 => 'ajaxSearchresbylabels',
  ),
)
[ info ] [ HEADER ] array (
  'host' => 'www.pt5.com',
  'connection' => 'keep-alive',
  'content-length' => '88',
  'accept' => 'application/json, text/javascript, */*; q=0.01',
  'origin' => 'http://www.pt5.com',
  'x-requested-with' => 'XMLHttpRequest',
  'user-agent' => 'Mozilla/5.0 (Windows NT 10.0; Win64; x64) AppleWebKit/537.36 (KHTML, like Gecko) Chrome/68.0.3440.106 Safari/537.36',
  'content-type' => 'application/x-www-form-urlencoded; charset=UTF-8',
  'referer' => 'http://www.pt5.com/index/download/download.html',
  'accept-encoding' => 'gzip, deflate',
  'accept-language' => 'zh-CN,zh;q=0.9,en;q=0.8',
  'cookie' => 'thinkphp_show_page_trace=0|0; PHPSESSID=7mqema675jn3sa8cfh94jmhb83; thinkphp_show_page_trace=0|0',
)
[ info ] [ PARAM ] array (
  'logmin' => '1900-01-01',
  'logmax' => '2018-10-20',
  'selected' => '%',
  'keywords' => '',
  'labels' => 
  array (
    0 => '4',
  ),
  'provSelect' => '%',
)
[ info ] [ SESSION ] INIT array (
  'id' => '',
  'var_session_id' => '',
  'prefix' => 'think',
  'type' => '',
  'auto_start' => true,
)
[ info ] [ RUN ] app\index\controller\Download->ajaxSearchResByLabels[ D:\myphp_www\PHPTutorial\WWW\pt5\application\index\controller\Download.php ]
[ info ] [ DB ] INIT mysql
[ info ] [ LOG ] INIT File
[ sql ] [ DB ] CONNECT:[ UseTime:0.002468s ] mysql:host=127.0.0.1;dbname=tp5;charset=utf8
[ sql ] [ SQL ] select id, name from label where id in (4) [ RunTime:0.000381s ]
[ sql ] [ SQL ] select res_id from res_label where label_id = 4 [ RunTime:0.000280s ]
[ sql ] [ SQL ] select id, filename, filetype, author, source, category, cate_dtl, description, uploadtime from download
				  where uploadtime >= '1900-01-01'
				    and uploadtime <= '2018-10-20'
				    and enable = 1 and (filename like '%%'
					 or source like '%%'
					 or author like '%%'
					 or uploader like '%%') and id in (134) [ RunTime:0.000430s ]
[ sql ] [ SQL ] select id, name from label order by hot desc [ RunTime:0.000325s ]
